{"/Users/estebansemellier/Desktop/booking_server/app.js": {"path":"/Users/estebansemellier/Desktop/booking_server/app.js","statementMap":{"0":{"start":{"line":1,"column":14},"end":{"line":1,"column":32}},"1":{"start":{"line":2,"column":11},"end":{"line":2,"column":26}},"2":{"start":{"line":3,"column":19},"end":{"line":3,"column":43}},"3":{"start":{"line":4,"column":13},"end":{"line":4,"column":30}},"4":{"start":{"line":5,"column":12},"end":{"line":5,"column":35}},"5":{"start":{"line":6,"column":16},"end":{"line":6,"column":42}},"6":{"start":{"line":7,"column":0},"end":{"line":7,"column":27}},"7":{"start":{"line":9,"column":10},"end":{"line":9,"column":19}},"8":{"start":{"line":10,"column":19},"end":{"line":10,"column":43}},"9":{"start":{"line":11,"column":18},"end":{"line":11,"column":43}},"10":{"start":{"line":15,"column":0},"end":{"line":15,"column":23}},"11":{"start":{"line":16,"column":0},"end":{"line":16,"column":24}},"12":{"start":{"line":17,"column":0},"end":{"line":17,"column":49}},"13":{"start":{"line":18,"column":0},"end":{"line":18,"column":24}},"14":{"start":{"line":19,"column":0},"end":{"line":19,"column":56}},"15":{"start":{"line":20,"column":0},"end":{"line":26,"column":4}},"16":{"start":{"line":28,"column":18},"end":{"line":42,"column":3}},"17":{"start":{"line":29,"column":24},"end":{"line":29,"column":46}},"18":{"start":{"line":30,"column":18},"end":{"line":30,"column":45}},"19":{"start":{"line":32,"column":4},"end":{"line":32,"column":91}},"20":{"start":{"line":32,"column":15},"end":{"line":32,"column":91}},"21":{"start":{"line":34,"column":4},"end":{"line":41,"column":5}},"22":{"start":{"line":35,"column":22},"end":{"line":35,"column":51}},"23":{"start":{"line":36,"column":6},"end":{"line":36,"column":27}},"24":{"start":{"line":37,"column":6},"end":{"line":37,"column":25}},"25":{"start":{"line":38,"column":6},"end":{"line":38,"column":13}},"26":{"start":{"line":40,"column":6},"end":{"line":40,"column":71}},"27":{"start":{"line":45,"column":0},"end":{"line":45,"column":29}},"28":{"start":{"line":48,"column":0},"end":{"line":48,"column":40}},"29":{"start":{"line":50,"column":0},"end":{"line":50,"column":21}}},"fnMap":{"0":{"name":"(anonymous_0)","decl":{"start":{"line":28,"column":18},"end":{"line":28,"column":19}},"loc":{"start":{"line":28,"column":38},"end":{"line":42,"column":3}},"line":28}},"branchMap":{"0":{"loc":{"start":{"line":32,"column":4},"end":{"line":32,"column":91}},"type":"if","locations":[{"start":{"line":32,"column":4},"end":{"line":32,"column":91}},{"start":{},"end":{}}],"line":32}},"s":{"0":1,"1":1,"2":1,"3":1,"4":1,"5":1,"6":1,"7":1,"8":1,"9":1,"10":1,"11":1,"12":1,"13":1,"14":1,"15":1,"16":1,"17":16,"18":16,"19":16,"20":8,"21":8,"22":8,"23":8,"24":8,"25":8,"26":0,"27":1,"28":1,"29":1},"f":{"0":16},"b":{"0":[8,8]},"_coverageSchema":"1a1c01bbd47fc00a2c39e90264f33305004495a9","hash":"c44cbec33339a927610de4cdef281ad657d28aa0"}
,"/Users/estebansemellier/Desktop/booking_server/db.js": {"path":"/Users/estebansemellier/Desktop/booking_server/db.js","statementMap":{"0":{"start":{"line":1,"column":33},"end":{"line":1,"column":53}},"1":{"start":{"line":4,"column":0},"end":{"line":4,"column":27}},"2":{"start":{"line":6,"column":15},"end":{"line":28,"column":16}},"3":{"start":{"line":30,"column":18},"end":{"line":33,"column":2}},"4":{"start":{"line":38,"column":20},"end":{"line":38,"column":75}},"5":{"start":{"line":39,"column":13},"end":{"line":39,"column":61}},"6":{"start":{"line":40,"column":13},"end":{"line":40,"column":61}},"7":{"start":{"line":41,"column":13},"end":{"line":41,"column":61}},"8":{"start":{"line":43,"column":0},"end":{"line":48,"column":1}}},"fnMap":{},"branchMap":{},"s":{"0":1,"1":1,"2":1,"3":1,"4":1,"5":1,"6":1,"7":1,"8":1},"f":{},"b":{},"_coverageSchema":"1a1c01bbd47fc00a2c39e90264f33305004495a9","hash":"115475b9f60dbf7b48fc3cb89fc41b0ed9823ba7"}
,"/Users/estebansemellier/Desktop/booking_server/models/reservation.js": {"path":"/Users/estebansemellier/Desktop/booking_server/models/reservation.js","statementMap":{"0":{"start":{"line":4,"column":4},"end":{"line":4,"column":24}},"1":{"start":{"line":5,"column":0},"end":{"line":29,"column":2}},"2":{"start":{"line":16,"column":2},"end":{"line":27,"column":5}},"3":{"start":{"line":28,"column":2},"end":{"line":28,"column":21}}},"fnMap":{"0":{"name":"(anonymous_0)","decl":{"start":{"line":5,"column":17},"end":{"line":5,"column":18}},"loc":{"start":{"line":5,"column":43},"end":{"line":29,"column":1}},"line":5},"1":{"name":"(anonymous_1)","decl":{"start":{"line":12,"column":4},"end":{"line":12,"column":5}},"loc":{"start":{"line":12,"column":29},"end":{"line":14,"column":5}},"line":12}},"branchMap":{},"s":{"0":1,"1":1,"2":1,"3":1},"f":{"0":1,"1":0},"b":{},"_coverageSchema":"1a1c01bbd47fc00a2c39e90264f33305004495a9","hash":"d5425b6cbb3d7b7da9f13ac4c5ce0865faf39665"}
,"/Users/estebansemellier/Desktop/booking_server/models/room.js": {"path":"/Users/estebansemellier/Desktop/booking_server/models/room.js","statementMap":{"0":{"start":{"line":4,"column":4},"end":{"line":4,"column":24}},"1":{"start":{"line":5,"column":0},"end":{"line":23,"column":2}},"2":{"start":{"line":16,"column":2},"end":{"line":21,"column":5}},"3":{"start":{"line":22,"column":2},"end":{"line":22,"column":14}}},"fnMap":{"0":{"name":"(anonymous_0)","decl":{"start":{"line":5,"column":17},"end":{"line":5,"column":18}},"loc":{"start":{"line":5,"column":43},"end":{"line":23,"column":1}},"line":5},"1":{"name":"(anonymous_1)","decl":{"start":{"line":12,"column":4},"end":{"line":12,"column":5}},"loc":{"start":{"line":12,"column":29},"end":{"line":14,"column":5}},"line":12}},"branchMap":{},"s":{"0":1,"1":1,"2":1,"3":1},"f":{"0":1,"1":0},"b":{},"_coverageSchema":"1a1c01bbd47fc00a2c39e90264f33305004495a9","hash":"7256adfa0f12b90372c1252ccc706513c288423d"}
,"/Users/estebansemellier/Desktop/booking_server/models/spot.js": {"path":"/Users/estebansemellier/Desktop/booking_server/models/spot.js","statementMap":{"0":{"start":{"line":4,"column":4},"end":{"line":4,"column":24}},"1":{"start":{"line":5,"column":0},"end":{"line":23,"column":2}},"2":{"start":{"line":16,"column":2},"end":{"line":21,"column":5}},"3":{"start":{"line":22,"column":2},"end":{"line":22,"column":14}}},"fnMap":{"0":{"name":"(anonymous_0)","decl":{"start":{"line":5,"column":17},"end":{"line":5,"column":18}},"loc":{"start":{"line":5,"column":43},"end":{"line":23,"column":1}},"line":5},"1":{"name":"(anonymous_1)","decl":{"start":{"line":12,"column":4},"end":{"line":12,"column":5}},"loc":{"start":{"line":12,"column":29},"end":{"line":14,"column":5}},"line":12}},"branchMap":{},"s":{"0":1,"1":1,"2":1,"3":1},"f":{"0":1,"1":0},"b":{},"_coverageSchema":"1a1c01bbd47fc00a2c39e90264f33305004495a9","hash":"34d453cdcb821ae4fb36846e536a5c5d33d2a985"}
,"/Users/estebansemellier/Desktop/booking_server/models/user.js": {"path":"/Users/estebansemellier/Desktop/booking_server/models/user.js","statementMap":{"0":{"start":{"line":4,"column":4},"end":{"line":4,"column":24}},"1":{"start":{"line":5,"column":0},"end":{"line":28,"column":2}},"2":{"start":{"line":16,"column":2},"end":{"line":26,"column":5}},"3":{"start":{"line":27,"column":2},"end":{"line":27,"column":14}}},"fnMap":{"0":{"name":"(anonymous_0)","decl":{"start":{"line":5,"column":17},"end":{"line":5,"column":18}},"loc":{"start":{"line":5,"column":43},"end":{"line":28,"column":1}},"line":5},"1":{"name":"(anonymous_1)","decl":{"start":{"line":12,"column":4},"end":{"line":12,"column":5}},"loc":{"start":{"line":12,"column":29},"end":{"line":14,"column":5}},"line":12}},"branchMap":{},"s":{"0":1,"1":1,"2":1,"3":1},"f":{"0":1,"1":0},"b":{},"_coverageSchema":"1a1c01bbd47fc00a2c39e90264f33305004495a9","hash":"8d6e1950b66569d76d1206a6e9cc4d00605da568"}
,"/Users/estebansemellier/Desktop/booking_server/routes/auth.js": {"path":"/Users/estebansemellier/Desktop/booking_server/routes/auth.js","statementMap":{"0":{"start":{"line":1,"column":16},"end":{"line":1,"column":34}},"1":{"start":{"line":2,"column":15},"end":{"line":2,"column":31}},"2":{"start":{"line":3,"column":17},"end":{"line":3,"column":33}},"3":{"start":{"line":4,"column":15},"end":{"line":4,"column":32}},"4":{"start":{"line":5,"column":12},"end":{"line":5,"column":35}},"5":{"start":{"line":6,"column":16},"end":{"line":6,"column":42}},"6":{"start":{"line":11,"column":19},"end":{"line":11,"column":35}},"7":{"start":{"line":13,"column":0},"end":{"line":39,"column":3}},"8":{"start":{"line":14,"column":17},"end":{"line":14,"column":41}},"9":{"start":{"line":15,"column":27},"end":{"line":15,"column":69}},"10":{"start":{"line":17,"column":60},"end":{"line":17,"column":68}},"11":{"start":{"line":19,"column":17},"end":{"line":26,"column":5}},"12":{"start":{"line":37,"column":4},"end":{"line":37,"column":28}},"13":{"start":{"line":38,"column":4},"end":{"line":38,"column":35}},"14":{"start":{"line":43,"column":0},"end":{"line":71,"column":3}},"15":{"start":{"line":44,"column":17},"end":{"line":48,"column":6}},"16":{"start":{"line":50,"column":4},"end":{"line":50,"column":102}},"17":{"start":{"line":50,"column":15},"end":{"line":50,"column":102}},"18":{"start":{"line":52,"column":4},"end":{"line":52,"column":38}},"19":{"start":{"line":54,"column":4},"end":{"line":56,"column":7}},"20":{"start":{"line":55,"column":8},"end":{"line":55,"column":25}},"21":{"start":{"line":58,"column":4},"end":{"line":58,"column":33}},"22":{"start":{"line":60,"column":26},"end":{"line":60,"column":80}},"23":{"start":{"line":61,"column":4},"end":{"line":61,"column":111}},"24":{"start":{"line":61,"column":24},"end":{"line":61,"column":111}},"25":{"start":{"line":63,"column":20},"end":{"line":65,"column":5}},"26":{"start":{"line":67,"column":18},"end":{"line":67,"column":67}},"27":{"start":{"line":68,"column":4},"end":{"line":68,"column":43}},"28":{"start":{"line":74,"column":0},"end":{"line":74,"column":24}}},"fnMap":{"0":{"name":"(anonymous_0)","decl":{"start":{"line":13,"column":23},"end":{"line":13,"column":24}},"loc":{"start":{"line":13,"column":43},"end":{"line":39,"column":1}},"line":13},"1":{"name":"(anonymous_1)","decl":{"start":{"line":43,"column":23},"end":{"line":43,"column":24}},"loc":{"start":{"line":43,"column":43},"end":{"line":71,"column":1}},"line":43}},"branchMap":{"0":{"loc":{"start":{"line":50,"column":4},"end":{"line":50,"column":102}},"type":"if","locations":[{"start":{"line":50,"column":4},"end":{"line":50,"column":102}},{"start":{},"end":{}}],"line":50},"1":{"loc":{"start":{"line":54,"column":4},"end":{"line":56,"column":7}},"type":"if","locations":[{"start":{"line":54,"column":4},"end":{"line":56,"column":7}},{"start":{},"end":{}}],"line":54},"2":{"loc":{"start":{"line":61,"column":4},"end":{"line":61,"column":111}},"type":"if","locations":[{"start":{"line":61,"column":4},"end":{"line":61,"column":111}},{"start":{},"end":{}}],"line":61}},"s":{"0":1,"1":1,"2":1,"3":1,"4":1,"5":1,"6":1,"7":1,"8":1,"9":1,"10":1,"11":1,"12":1,"13":1,"14":1,"15":1,"16":1,"17":0,"18":1,"19":1,"20":0,"21":1,"22":1,"23":1,"24":0,"25":1,"26":1,"27":1,"28":1},"f":{"0":1,"1":1},"b":{"0":[0,1],"1":[0,1],"2":[0,1]},"_coverageSchema":"1a1c01bbd47fc00a2c39e90264f33305004495a9","hash":"4ef734a1e3b42fd8d14de2768247bb7c33b8a8c2"}
,"/Users/estebansemellier/Desktop/booking_server/routes/index.js": {"path":"/Users/estebansemellier/Desktop/booking_server/routes/index.js","statementMap":{"0":{"start":{"line":1,"column":16},"end":{"line":1,"column":34}},"1":{"start":{"line":2,"column":15},"end":{"line":2,"column":31}},"2":{"start":{"line":4,"column":26},"end":{"line":4,"column":51}},"3":{"start":{"line":5,"column":19},"end":{"line":5,"column":37}},"4":{"start":{"line":6,"column":19},"end":{"line":6,"column":37}},"5":{"start":{"line":7,"column":19},"end":{"line":7,"column":37}},"6":{"start":{"line":10,"column":0},"end":{"line":10,"column":47}},"7":{"start":{"line":11,"column":0},"end":{"line":11,"column":33}},"8":{"start":{"line":12,"column":0},"end":{"line":12,"column":33}},"9":{"start":{"line":13,"column":0},"end":{"line":13,"column":33}},"10":{"start":{"line":16,"column":0},"end":{"line":16,"column":24}}},"fnMap":{},"branchMap":{},"s":{"0":1,"1":1,"2":1,"3":1,"4":1,"5":1,"6":1,"7":1,"8":1,"9":1,"10":1},"f":{},"b":{},"_coverageSchema":"1a1c01bbd47fc00a2c39e90264f33305004495a9","hash":"9c66325f67e4aa0a1e2da22a2868ff35d30f6a95"}
,"/Users/estebansemellier/Desktop/booking_server/routes/reservations.js": {"path":"/Users/estebansemellier/Desktop/booking_server/routes/reservations.js","statementMap":{"0":{"start":{"line":1,"column":16},"end":{"line":1,"column":34}},"1":{"start":{"line":2,"column":15},"end":{"line":2,"column":31}},"2":{"start":{"line":3,"column":24},"end":{"line":3,"column":43}},"3":{"start":{"line":7,"column":0},"end":{"line":14,"column":3}},"4":{"start":{"line":8,"column":2},"end":{"line":13,"column":3}},"5":{"start":{"line":9,"column":25},"end":{"line":9,"column":52}},"6":{"start":{"line":10,"column":4},"end":{"line":10,"column":31}},"7":{"start":{"line":12,"column":4},"end":{"line":12,"column":16}},"8":{"start":{"line":17,"column":0},"end":{"line":88,"column":3}},"9":{"start":{"line":18,"column":2},"end":{"line":87,"column":3}},"10":{"start":{"line":27,"column":8},"end":{"line":27,"column":16}},"11":{"start":{"line":29,"column":22},"end":{"line":29,"column":85}},"12":{"start":{"line":29,"column":33},"end":{"line":29,"column":85}},"13":{"start":{"line":32,"column":4},"end":{"line":34,"column":5}},"14":{"start":{"line":33,"column":6},"end":{"line":33,"column":85}},"15":{"start":{"line":37,"column":4},"end":{"line":39,"column":5}},"16":{"start":{"line":38,"column":6},"end":{"line":38,"column":98}},"17":{"start":{"line":40,"column":4},"end":{"line":42,"column":5}},"18":{"start":{"line":41,"column":6},"end":{"line":41,"column":98}},"19":{"start":{"line":43,"column":4},"end":{"line":45,"column":5}},"20":{"start":{"line":44,"column":6},"end":{"line":44,"column":89}},"21":{"start":{"line":48,"column":36},"end":{"line":48,"column":50}},"22":{"start":{"line":49,"column":25},"end":{"line":49,"column":35}},"23":{"start":{"line":50,"column":29},"end":{"line":50,"column":39}},"24":{"start":{"line":51,"column":4},"end":{"line":51,"column":59}},"25":{"start":{"line":53,"column":4},"end":{"line":55,"column":5}},"26":{"start":{"line":54,"column":6},"end":{"line":54,"column":126}},"27":{"start":{"line":58,"column":4},"end":{"line":60,"column":5}},"28":{"start":{"line":59,"column":6},"end":{"line":59,"column":88}},"29":{"start":{"line":63,"column":4},"end":{"line":65,"column":5}},"30":{"start":{"line":64,"column":6},"end":{"line":64,"column":129}},"31":{"start":{"line":68,"column":4},"end":{"line":70,"column":5}},"32":{"start":{"line":69,"column":6},"end":{"line":69,"column":96}},"33":{"start":{"line":73,"column":4},"end":{"line":81,"column":7}},"34":{"start":{"line":82,"column":4},"end":{"line":82,"column":64}},"35":{"start":{"line":86,"column":4},"end":{"line":86,"column":16}},"36":{"start":{"line":91,"column":0},"end":{"line":125,"column":3}},"37":{"start":{"line":92,"column":2},"end":{"line":124,"column":3}},"38":{"start":{"line":93,"column":16},"end":{"line":93,"column":26}},"39":{"start":{"line":102,"column":8},"end":{"line":102,"column":16}},"40":{"start":{"line":104,"column":22},"end":{"line":104,"column":52}},"41":{"start":{"line":106,"column":4},"end":{"line":108,"column":5}},"42":{"start":{"line":107,"column":6},"end":{"line":107,"column":84}},"43":{"start":{"line":111,"column":4},"end":{"line":111,"column":28}},"44":{"start":{"line":112,"column":4},"end":{"line":112,"column":28}},"45":{"start":{"line":113,"column":4},"end":{"line":113,"column":28}},"46":{"start":{"line":114,"column":4},"end":{"line":114,"column":32}},"47":{"start":{"line":115,"column":4},"end":{"line":115,"column":32}},"48":{"start":{"line":116,"column":4},"end":{"line":116,"column":32}},"49":{"start":{"line":117,"column":4},"end":{"line":117,"column":32}},"50":{"start":{"line":119,"column":4},"end":{"line":119,"column":29}},"51":{"start":{"line":121,"column":4},"end":{"line":121,"column":74}},"52":{"start":{"line":123,"column":4},"end":{"line":123,"column":16}},"53":{"start":{"line":128,"column":0},"end":{"line":150,"column":3}},"54":{"start":{"line":129,"column":2},"end":{"line":149,"column":3}},"55":{"start":{"line":130,"column":19},"end":{"line":130,"column":27}},"56":{"start":{"line":132,"column":4},"end":{"line":134,"column":5}},"57":{"start":{"line":133,"column":6},"end":{"line":133,"column":100}},"58":{"start":{"line":136,"column":31},"end":{"line":140,"column":6}},"59":{"start":{"line":142,"column":4},"end":{"line":144,"column":5}},"60":{"start":{"line":143,"column":6},"end":{"line":143,"column":84}},"61":{"start":{"line":146,"column":4},"end":{"line":146,"column":67}},"62":{"start":{"line":148,"column":4},"end":{"line":148,"column":16}},"63":{"start":{"line":152,"column":0},"end":{"line":152,"column":24}}},"fnMap":{"0":{"name":"(anonymous_0)","decl":{"start":{"line":7,"column":16},"end":{"line":7,"column":17}},"loc":{"start":{"line":7,"column":42},"end":{"line":14,"column":1}},"line":7},"1":{"name":"(anonymous_1)","decl":{"start":{"line":17,"column":17},"end":{"line":17,"column":18}},"loc":{"start":{"line":17,"column":43},"end":{"line":88,"column":1}},"line":17},"2":{"name":"(anonymous_2)","decl":{"start":{"line":29,"column":22},"end":{"line":29,"column":23}},"loc":{"start":{"line":29,"column":33},"end":{"line":29,"column":85}},"line":29},"3":{"name":"(anonymous_3)","decl":{"start":{"line":91,"column":19},"end":{"line":91,"column":20}},"loc":{"start":{"line":91,"column":45},"end":{"line":125,"column":1}},"line":91},"4":{"name":"(anonymous_4)","decl":{"start":{"line":128,"column":19},"end":{"line":128,"column":20}},"loc":{"start":{"line":128,"column":45},"end":{"line":150,"column":1}},"line":128}},"branchMap":{"0":{"loc":{"start":{"line":29,"column":33},"end":{"line":29,"column":85}},"type":"binary-expr","locations":[{"start":{"line":29,"column":33},"end":{"line":29,"column":58}},{"start":{"line":29,"column":62},"end":{"line":29,"column":85}}],"line":29},"1":{"loc":{"start":{"line":32,"column":4},"end":{"line":34,"column":5}},"type":"if","locations":[{"start":{"line":32,"column":4},"end":{"line":34,"column":5}},{"start":{},"end":{}}],"line":32},"2":{"loc":{"start":{"line":32,"column":8},"end":{"line":32,"column":36}},"type":"binary-expr","locations":[{"start":{"line":32,"column":8},"end":{"line":32,"column":14}},{"start":{"line":32,"column":18},"end":{"line":32,"column":36}}],"line":32},"3":{"loc":{"start":{"line":37,"column":4},"end":{"line":39,"column":5}},"type":"if","locations":[{"start":{"line":37,"column":4},"end":{"line":39,"column":5}},{"start":{},"end":{}}],"line":37},"4":{"loc":{"start":{"line":37,"column":8},"end":{"line":37,"column":50}},"type":"binary-expr","locations":[{"start":{"line":37,"column":8},"end":{"line":37,"column":28}},{"start":{"line":37,"column":32},"end":{"line":37,"column":50}}],"line":37},"5":{"loc":{"start":{"line":40,"column":4},"end":{"line":42,"column":5}},"type":"if","locations":[{"start":{"line":40,"column":4},"end":{"line":42,"column":5}},{"start":{},"end":{}}],"line":40},"6":{"loc":{"start":{"line":40,"column":8},"end":{"line":40,"column":50}},"type":"binary-expr","locations":[{"start":{"line":40,"column":8},"end":{"line":40,"column":28}},{"start":{"line":40,"column":32},"end":{"line":40,"column":50}}],"line":40},"7":{"loc":{"start":{"line":43,"column":4},"end":{"line":45,"column":5}},"type":"if","locations":[{"start":{"line":43,"column":4},"end":{"line":45,"column":5}},{"start":{},"end":{}}],"line":43},"8":{"loc":{"start":{"line":43,"column":8},"end":{"line":43,"column":26}},"type":"binary-expr","locations":[{"start":{"line":43,"column":8},"end":{"line":43,"column":15}},{"start":{"line":43,"column":19},"end":{"line":43,"column":26}}],"line":43},"9":{"loc":{"start":{"line":53,"column":4},"end":{"line":55,"column":5}},"type":"if","locations":[{"start":{"line":53,"column":4},"end":{"line":55,"column":5}},{"start":{},"end":{}}],"line":53},"10":{"loc":{"start":{"line":53,"column":10},"end":{"line":53,"column":174}},"type":"binary-expr","locations":[{"start":{"line":53,"column":10},"end":{"line":53,"column":49}},{"start":{"line":53,"column":53},"end":{"line":53,"column":84}},{"start":{"line":53,"column":88},"end":{"line":53,"column":127}},{"start":{"line":53,"column":131},"end":{"line":53,"column":174}}],"line":53},"11":{"loc":{"start":{"line":58,"column":4},"end":{"line":60,"column":5}},"type":"if","locations":[{"start":{"line":58,"column":4},"end":{"line":60,"column":5}},{"start":{},"end":{}}],"line":58},"12":{"loc":{"start":{"line":63,"column":4},"end":{"line":65,"column":5}},"type":"if","locations":[{"start":{"line":63,"column":4},"end":{"line":65,"column":5}},{"start":{},"end":{}}],"line":63},"13":{"loc":{"start":{"line":63,"column":8},"end":{"line":63,"column":78}},"type":"binary-expr","locations":[{"start":{"line":63,"column":8},"end":{"line":63,"column":26}},{"start":{"line":63,"column":31},"end":{"line":63,"column":55}},{"start":{"line":63,"column":59},"end":{"line":63,"column":77}}],"line":63},"14":{"loc":{"start":{"line":68,"column":4},"end":{"line":70,"column":5}},"type":"if","locations":[{"start":{"line":68,"column":4},"end":{"line":70,"column":5}},{"start":{},"end":{}}],"line":68},"15":{"loc":{"start":{"line":68,"column":8},"end":{"line":68,"column":54}},"type":"binary-expr","locations":[{"start":{"line":68,"column":8},"end":{"line":68,"column":26}},{"start":{"line":68,"column":30},"end":{"line":68,"column":40}},{"start":{"line":68,"column":44},"end":{"line":68,"column":54}}],"line":68},"16":{"loc":{"start":{"line":106,"column":4},"end":{"line":108,"column":5}},"type":"if","locations":[{"start":{"line":106,"column":4},"end":{"line":108,"column":5}},{"start":{},"end":{}}],"line":106},"17":{"loc":{"start":{"line":132,"column":4},"end":{"line":134,"column":5}},"type":"if","locations":[{"start":{"line":132,"column":4},"end":{"line":134,"column":5}},{"start":{},"end":{}}],"line":132},"18":{"loc":{"start":{"line":132,"column":8},"end":{"line":132,"column":62}},"type":"binary-expr","locations":[{"start":{"line":132,"column":8},"end":{"line":132,"column":11}},{"start":{"line":132,"column":15},"end":{"line":132,"column":37}},{"start":{"line":132,"column":41},"end":{"line":132,"column":62}}],"line":132},"19":{"loc":{"start":{"line":142,"column":4},"end":{"line":144,"column":5}},"type":"if","locations":[{"start":{"line":142,"column":4},"end":{"line":144,"column":5}},{"start":{},"end":{}}],"line":142}},"s":{"0":1,"1":1,"2":1,"3":1,"4":1,"5":1,"6":1,"7":0,"8":1,"9":1,"10":1,"11":1,"12":4,"13":1,"14":0,"15":1,"16":0,"17":1,"18":0,"19":1,"20":0,"21":1,"22":1,"23":1,"24":1,"25":1,"26":0,"27":1,"28":0,"29":1,"30":0,"31":1,"32":0,"33":1,"34":1,"35":0,"36":1,"37":0,"38":0,"39":0,"40":0,"41":0,"42":0,"43":0,"44":0,"45":0,"46":0,"47":0,"48":0,"49":0,"50":0,"51":0,"52":0,"53":1,"54":0,"55":0,"56":0,"57":0,"58":0,"59":0,"60":0,"61":0,"62":0,"63":1},"f":{"0":1,"1":1,"2":4,"3":0,"4":0},"b":{"0":[4,4],"1":[0,1],"2":[1,1],"3":[0,1],"4":[1,1],"5":[0,1],"6":[1,1],"7":[0,1],"8":[1,0],"9":[0,1],"10":[1,1,1,1],"11":[0,1],"12":[0,1],"13":[1,1,1],"14":[0,1],"15":[1,1,1],"16":[0,0],"17":[0,0],"18":[0,0,0],"19":[0,0]},"_coverageSchema":"1a1c01bbd47fc00a2c39e90264f33305004495a9","hash":"dd722833e19902ef92a122efe50ec298a62cc357"}
,"/Users/estebansemellier/Desktop/booking_server/routes/rooms.js": {"path":"/Users/estebansemellier/Desktop/booking_server/routes/rooms.js","statementMap":{"0":{"start":{"line":1,"column":16},"end":{"line":1,"column":34}},"1":{"start":{"line":2,"column":15},"end":{"line":2,"column":31}},"2":{"start":{"line":4,"column":17},"end":{"line":4,"column":36}},"3":{"start":{"line":7,"column":0},"end":{"line":14,"column":3}},"4":{"start":{"line":8,"column":2},"end":{"line":13,"column":3}},"5":{"start":{"line":9,"column":18},"end":{"line":9,"column":38}},"6":{"start":{"line":10,"column":4},"end":{"line":10,"column":24}},"7":{"start":{"line":12,"column":4},"end":{"line":12,"column":16}},"8":{"start":{"line":17,"column":0},"end":{"line":31,"column":3}},"9":{"start":{"line":18,"column":19},"end":{"line":18,"column":27}},"10":{"start":{"line":21,"column":2},"end":{"line":23,"column":3}},"11":{"start":{"line":22,"column":4},"end":{"line":22,"column":89}},"12":{"start":{"line":25,"column":2},"end":{"line":30,"column":3}},"13":{"start":{"line":26,"column":17},"end":{"line":26,"column":44}},"14":{"start":{"line":27,"column":4},"end":{"line":27,"column":63}},"15":{"start":{"line":29,"column":4},"end":{"line":29,"column":16}},"16":{"start":{"line":35,"column":0},"end":{"line":55,"column":3}},"17":{"start":{"line":36,"column":2},"end":{"line":54,"column":3}},"18":{"start":{"line":37,"column":19},"end":{"line":37,"column":29}},"19":{"start":{"line":38,"column":21},"end":{"line":38,"column":29}},"20":{"start":{"line":40,"column":15},"end":{"line":40,"column":38}},"21":{"start":{"line":43,"column":4},"end":{"line":45,"column":5}},"22":{"start":{"line":44,"column":6},"end":{"line":44,"column":77}},"23":{"start":{"line":48,"column":4},"end":{"line":48,"column":21}},"24":{"start":{"line":50,"column":4},"end":{"line":50,"column":22}},"25":{"start":{"line":51,"column":4},"end":{"line":51,"column":60}},"26":{"start":{"line":53,"column":4},"end":{"line":53,"column":16}},"27":{"start":{"line":58,"column":0},"end":{"line":80,"column":3}},"28":{"start":{"line":59,"column":2},"end":{"line":79,"column":3}},"29":{"start":{"line":60,"column":19},"end":{"line":60,"column":27}},"30":{"start":{"line":62,"column":4},"end":{"line":64,"column":5}},"31":{"start":{"line":63,"column":6},"end":{"line":63,"column":93}},"32":{"start":{"line":66,"column":24},"end":{"line":70,"column":6}},"33":{"start":{"line":72,"column":4},"end":{"line":74,"column":5}},"34":{"start":{"line":73,"column":6},"end":{"line":73,"column":77}},"35":{"start":{"line":76,"column":4},"end":{"line":76,"column":60}},"36":{"start":{"line":78,"column":4},"end":{"line":78,"column":16}},"37":{"start":{"line":82,"column":0},"end":{"line":82,"column":24}}},"fnMap":{"0":{"name":"(anonymous_0)","decl":{"start":{"line":7,"column":16},"end":{"line":7,"column":17}},"loc":{"start":{"line":7,"column":42},"end":{"line":14,"column":1}},"line":7},"1":{"name":"(anonymous_1)","decl":{"start":{"line":17,"column":17},"end":{"line":17,"column":18}},"loc":{"start":{"line":17,"column":43},"end":{"line":31,"column":1}},"line":17},"2":{"name":"(anonymous_2)","decl":{"start":{"line":35,"column":19},"end":{"line":35,"column":20}},"loc":{"start":{"line":35,"column":45},"end":{"line":55,"column":1}},"line":35},"3":{"name":"(anonymous_3)","decl":{"start":{"line":58,"column":19},"end":{"line":58,"column":20}},"loc":{"start":{"line":58,"column":45},"end":{"line":80,"column":1}},"line":58}},"branchMap":{"0":{"loc":{"start":{"line":21,"column":2},"end":{"line":23,"column":3}},"type":"if","locations":[{"start":{"line":21,"column":2},"end":{"line":23,"column":3}},{"start":{},"end":{}}],"line":21},"1":{"loc":{"start":{"line":21,"column":6},"end":{"line":21,"column":61}},"type":"binary-expr","locations":[{"start":{"line":21,"column":6},"end":{"line":21,"column":11}},{"start":{"line":21,"column":15},"end":{"line":21,"column":39}},{"start":{"line":21,"column":43},"end":{"line":21,"column":61}}],"line":21},"2":{"loc":{"start":{"line":43,"column":4},"end":{"line":45,"column":5}},"type":"if","locations":[{"start":{"line":43,"column":4},"end":{"line":45,"column":5}},{"start":{},"end":{}}],"line":43},"3":{"loc":{"start":{"line":62,"column":4},"end":{"line":64,"column":5}},"type":"if","locations":[{"start":{"line":62,"column":4},"end":{"line":64,"column":5}},{"start":{},"end":{}}],"line":62},"4":{"loc":{"start":{"line":62,"column":8},"end":{"line":62,"column":62}},"type":"binary-expr","locations":[{"start":{"line":62,"column":8},"end":{"line":62,"column":11}},{"start":{"line":62,"column":15},"end":{"line":62,"column":37}},{"start":{"line":62,"column":41},"end":{"line":62,"column":62}}],"line":62},"5":{"loc":{"start":{"line":72,"column":4},"end":{"line":74,"column":5}},"type":"if","locations":[{"start":{"line":72,"column":4},"end":{"line":74,"column":5}},{"start":{},"end":{}}],"line":72}},"s":{"0":1,"1":1,"2":1,"3":1,"4":1,"5":1,"6":1,"7":0,"8":1,"9":1,"10":1,"11":0,"12":1,"13":1,"14":1,"15":0,"16":1,"17":0,"18":0,"19":0,"20":0,"21":0,"22":0,"23":0,"24":0,"25":0,"26":0,"27":1,"28":0,"29":0,"30":0,"31":0,"32":0,"33":0,"34":0,"35":0,"36":0,"37":1},"f":{"0":1,"1":1,"2":0,"3":0},"b":{"0":[0,1],"1":[1,1,1],"2":[0,0],"3":[0,0],"4":[0,0,0],"5":[0,0]},"_coverageSchema":"1a1c01bbd47fc00a2c39e90264f33305004495a9","hash":"e7c8695b25d5712ad83c6fed6af140e3b9bde3f7"}
,"/Users/estebansemellier/Desktop/booking_server/routes/spots.js": {"path":"/Users/estebansemellier/Desktop/booking_server/routes/spots.js","statementMap":{"0":{"start":{"line":1,"column":16},"end":{"line":1,"column":34}},"1":{"start":{"line":2,"column":15},"end":{"line":2,"column":31}},"2":{"start":{"line":4,"column":17},"end":{"line":4,"column":36}},"3":{"start":{"line":7,"column":0},"end":{"line":14,"column":3}},"4":{"start":{"line":8,"column":2},"end":{"line":13,"column":3}},"5":{"start":{"line":9,"column":20},"end":{"line":9,"column":40}},"6":{"start":{"line":10,"column":6},"end":{"line":10,"column":26}},"7":{"start":{"line":12,"column":6},"end":{"line":12,"column":18}},"8":{"start":{"line":17,"column":0},"end":{"line":31,"column":3}},"9":{"start":{"line":18,"column":19},"end":{"line":18,"column":27}},"10":{"start":{"line":21,"column":2},"end":{"line":23,"column":3}},"11":{"start":{"line":22,"column":4},"end":{"line":22,"column":89}},"12":{"start":{"line":25,"column":2},"end":{"line":30,"column":3}},"13":{"start":{"line":26,"column":17},"end":{"line":26,"column":44}},"14":{"start":{"line":27,"column":4},"end":{"line":27,"column":63}},"15":{"start":{"line":29,"column":4},"end":{"line":29,"column":16}},"16":{"start":{"line":34,"column":0},"end":{"line":54,"column":3}},"17":{"start":{"line":35,"column":2},"end":{"line":53,"column":3}},"18":{"start":{"line":36,"column":18},"end":{"line":36,"column":28}},"19":{"start":{"line":37,"column":19},"end":{"line":37,"column":27}},"20":{"start":{"line":39,"column":15},"end":{"line":39,"column":38}},"21":{"start":{"line":41,"column":4},"end":{"line":43,"column":5}},"22":{"start":{"line":42,"column":6},"end":{"line":42,"column":77}},"23":{"start":{"line":46,"column":4},"end":{"line":46,"column":21}},"24":{"start":{"line":48,"column":4},"end":{"line":48,"column":22}},"25":{"start":{"line":50,"column":4},"end":{"line":50,"column":67}},"26":{"start":{"line":52,"column":4},"end":{"line":52,"column":16}},"27":{"start":{"line":57,"column":0},"end":{"line":79,"column":3}},"28":{"start":{"line":58,"column":2},"end":{"line":78,"column":3}},"29":{"start":{"line":59,"column":19},"end":{"line":59,"column":27}},"30":{"start":{"line":61,"column":4},"end":{"line":63,"column":5}},"31":{"start":{"line":62,"column":6},"end":{"line":62,"column":93}},"32":{"start":{"line":65,"column":24},"end":{"line":69,"column":6}},"33":{"start":{"line":71,"column":4},"end":{"line":73,"column":5}},"34":{"start":{"line":72,"column":6},"end":{"line":72,"column":77}},"35":{"start":{"line":75,"column":4},"end":{"line":75,"column":60}},"36":{"start":{"line":77,"column":4},"end":{"line":77,"column":16}},"37":{"start":{"line":81,"column":0},"end":{"line":81,"column":24}}},"fnMap":{"0":{"name":"(anonymous_0)","decl":{"start":{"line":7,"column":16},"end":{"line":7,"column":17}},"loc":{"start":{"line":7,"column":42},"end":{"line":14,"column":1}},"line":7},"1":{"name":"(anonymous_1)","decl":{"start":{"line":17,"column":17},"end":{"line":17,"column":18}},"loc":{"start":{"line":17,"column":43},"end":{"line":31,"column":1}},"line":17},"2":{"name":"(anonymous_2)","decl":{"start":{"line":34,"column":19},"end":{"line":34,"column":20}},"loc":{"start":{"line":34,"column":45},"end":{"line":54,"column":1}},"line":34},"3":{"name":"(anonymous_3)","decl":{"start":{"line":57,"column":19},"end":{"line":57,"column":20}},"loc":{"start":{"line":57,"column":45},"end":{"line":79,"column":1}},"line":57}},"branchMap":{"0":{"loc":{"start":{"line":21,"column":2},"end":{"line":23,"column":3}},"type":"if","locations":[{"start":{"line":21,"column":2},"end":{"line":23,"column":3}},{"start":{},"end":{}}],"line":21},"1":{"loc":{"start":{"line":21,"column":6},"end":{"line":21,"column":61}},"type":"binary-expr","locations":[{"start":{"line":21,"column":6},"end":{"line":21,"column":11}},{"start":{"line":21,"column":15},"end":{"line":21,"column":39}},{"start":{"line":21,"column":43},"end":{"line":21,"column":61}}],"line":21},"2":{"loc":{"start":{"line":41,"column":4},"end":{"line":43,"column":5}},"type":"if","locations":[{"start":{"line":41,"column":4},"end":{"line":43,"column":5}},{"start":{},"end":{}}],"line":41},"3":{"loc":{"start":{"line":61,"column":4},"end":{"line":63,"column":5}},"type":"if","locations":[{"start":{"line":61,"column":4},"end":{"line":63,"column":5}},{"start":{},"end":{}}],"line":61},"4":{"loc":{"start":{"line":61,"column":8},"end":{"line":61,"column":62}},"type":"binary-expr","locations":[{"start":{"line":61,"column":8},"end":{"line":61,"column":11}},{"start":{"line":61,"column":15},"end":{"line":61,"column":37}},{"start":{"line":61,"column":41},"end":{"line":61,"column":62}}],"line":61},"5":{"loc":{"start":{"line":71,"column":4},"end":{"line":73,"column":5}},"type":"if","locations":[{"start":{"line":71,"column":4},"end":{"line":73,"column":5}},{"start":{},"end":{}}],"line":71}},"s":{"0":1,"1":1,"2":1,"3":1,"4":1,"5":1,"6":1,"7":0,"8":1,"9":1,"10":1,"11":0,"12":1,"13":1,"14":1,"15":0,"16":1,"17":0,"18":0,"19":0,"20":0,"21":0,"22":0,"23":0,"24":0,"25":0,"26":0,"27":1,"28":0,"29":0,"30":0,"31":0,"32":0,"33":0,"34":0,"35":0,"36":0,"37":1},"f":{"0":1,"1":1,"2":0,"3":0},"b":{"0":[0,1],"1":[1,1,1],"2":[0,0],"3":[0,0],"4":[0,0,0],"5":[0,0]},"_coverageSchema":"1a1c01bbd47fc00a2c39e90264f33305004495a9","hash":"ac2717e47056886cfb9b45550133d46b7595b916"}
,"/Users/estebansemellier/Desktop/booking_server/routes/users.js": {"path":"/Users/estebansemellier/Desktop/booking_server/routes/users.js","statementMap":{"0":{"start":{"line":1,"column":16},"end":{"line":1,"column":34}},"1":{"start":{"line":2,"column":15},"end":{"line":2,"column":31}},"2":{"start":{"line":4,"column":17},"end":{"line":4,"column":36}},"3":{"start":{"line":8,"column":0},"end":{"line":15,"column":3}},"4":{"start":{"line":9,"column":2},"end":{"line":14,"column":3}},"5":{"start":{"line":10,"column":18},"end":{"line":10,"column":38}},"6":{"start":{"line":11,"column":4},"end":{"line":11,"column":24}},"7":{"start":{"line":13,"column":4},"end":{"line":13,"column":16}},"8":{"start":{"line":17,"column":0},"end":{"line":25,"column":2}},"9":{"start":{"line":18,"column":13},"end":{"line":18,"column":31}},"10":{"start":{"line":19,"column":2},"end":{"line":19,"column":33}},"11":{"start":{"line":20,"column":2},"end":{"line":20,"column":18}},"12":{"start":{"line":21,"column":15},"end":{"line":21,"column":38}},"13":{"start":{"line":23,"column":2},"end":{"line":23,"column":20}},"14":{"start":{"line":24,"column":2},"end":{"line":24,"column":16}},"15":{"start":{"line":28,"column":23},"end":{"line":32,"column":1}},"16":{"start":{"line":30,"column":21},"end":{"line":30,"column":49}},"17":{"start":{"line":31,"column":2},"end":{"line":31,"column":32}},"18":{"start":{"line":34,"column":0},"end":{"line":78,"column":3}},"19":{"start":{"line":35,"column":2},"end":{"line":77,"column":3}},"20":{"start":{"line":43,"column":8},"end":{"line":43,"column":16}},"21":{"start":{"line":46,"column":4},"end":{"line":54,"column":5}},"22":{"start":{"line":53,"column":6},"end":{"line":53,"column":80}},"23":{"start":{"line":57,"column":4},"end":{"line":59,"column":5}},"24":{"start":{"line":58,"column":6},"end":{"line":58,"column":92}},"25":{"start":{"line":64,"column":20},"end":{"line":71,"column":6}},"26":{"start":{"line":73,"column":4},"end":{"line":73,"column":71}},"27":{"start":{"line":76,"column":4},"end":{"line":76,"column":16}},"28":{"start":{"line":81,"column":0},"end":{"line":106,"column":3}},"29":{"start":{"line":82,"column":2},"end":{"line":105,"column":3}},"30":{"start":{"line":83,"column":18},"end":{"line":83,"column":28}},"31":{"start":{"line":84,"column":70},"end":{"line":84,"column":78}},"32":{"start":{"line":86,"column":15},"end":{"line":86,"column":38}},"33":{"start":{"line":88,"column":4},"end":{"line":90,"column":5}},"34":{"start":{"line":89,"column":6},"end":{"line":89,"column":77}},"35":{"start":{"line":93,"column":4},"end":{"line":93,"column":20}},"36":{"start":{"line":94,"column":4},"end":{"line":94,"column":30}},"37":{"start":{"line":95,"column":4},"end":{"line":95,"column":28}},"38":{"start":{"line":96,"column":4},"end":{"line":96,"column":22}},"39":{"start":{"line":97,"column":4},"end":{"line":97,"column":34}},"40":{"start":{"line":98,"column":4},"end":{"line":98,"column":28}},"41":{"start":{"line":100,"column":4},"end":{"line":100,"column":22}},"42":{"start":{"line":102,"column":4},"end":{"line":102,"column":67}},"43":{"start":{"line":104,"column":4},"end":{"line":104,"column":16}},"44":{"start":{"line":109,"column":0},"end":{"line":131,"column":3}},"45":{"start":{"line":110,"column":2},"end":{"line":130,"column":3}},"46":{"start":{"line":111,"column":19},"end":{"line":111,"column":27}},"47":{"start":{"line":113,"column":4},"end":{"line":115,"column":5}},"48":{"start":{"line":114,"column":6},"end":{"line":114,"column":90}},"49":{"start":{"line":117,"column":24},"end":{"line":121,"column":6}},"50":{"start":{"line":123,"column":4},"end":{"line":125,"column":5}},"51":{"start":{"line":124,"column":6},"end":{"line":124,"column":77}},"52":{"start":{"line":127,"column":4},"end":{"line":127,"column":60}},"53":{"start":{"line":129,"column":4},"end":{"line":129,"column":16}},"54":{"start":{"line":134,"column":0},"end":{"line":134,"column":24}}},"fnMap":{"0":{"name":"(anonymous_0)","decl":{"start":{"line":8,"column":16},"end":{"line":8,"column":17}},"loc":{"start":{"line":8,"column":42},"end":{"line":15,"column":1}},"line":8},"1":{"name":"(anonymous_1)","decl":{"start":{"line":17,"column":18},"end":{"line":17,"column":19}},"loc":{"start":{"line":17,"column":44},"end":{"line":25,"column":1}},"line":17},"2":{"name":"(anonymous_2)","decl":{"start":{"line":28,"column":23},"end":{"line":28,"column":24}},"loc":{"start":{"line":28,"column":34},"end":{"line":32,"column":1}},"line":28},"3":{"name":"(anonymous_3)","decl":{"start":{"line":34,"column":17},"end":{"line":34,"column":18}},"loc":{"start":{"line":34,"column":43},"end":{"line":78,"column":1}},"line":34},"4":{"name":"(anonymous_4)","decl":{"start":{"line":81,"column":19},"end":{"line":81,"column":20}},"loc":{"start":{"line":81,"column":45},"end":{"line":106,"column":1}},"line":81},"5":{"name":"(anonymous_5)","decl":{"start":{"line":109,"column":19},"end":{"line":109,"column":20}},"loc":{"start":{"line":109,"column":45},"end":{"line":131,"column":1}},"line":109}},"branchMap":{"0":{"loc":{"start":{"line":46,"column":4},"end":{"line":54,"column":5}},"type":"if","locations":[{"start":{"line":46,"column":4},"end":{"line":54,"column":5}},{"start":{},"end":{}}],"line":46},"1":{"loc":{"start":{"line":47,"column":6},"end":{"line":51,"column":34}},"type":"binary-expr","locations":[{"start":{"line":47,"column":6},"end":{"line":47,"column":30}},{"start":{"line":48,"column":6},"end":{"line":48,"column":35}},{"start":{"line":49,"column":6},"end":{"line":49,"column":34}},{"start":{"line":50,"column":6},"end":{"line":50,"column":37}},{"start":{"line":51,"column":6},"end":{"line":51,"column":34}}],"line":47},"2":{"loc":{"start":{"line":57,"column":4},"end":{"line":59,"column":5}},"type":"if","locations":[{"start":{"line":57,"column":4},"end":{"line":59,"column":5}},{"start":{},"end":{}}],"line":57},"3":{"loc":{"start":{"line":88,"column":4},"end":{"line":90,"column":5}},"type":"if","locations":[{"start":{"line":88,"column":4},"end":{"line":90,"column":5}},{"start":{},"end":{}}],"line":88},"4":{"loc":{"start":{"line":113,"column":4},"end":{"line":115,"column":5}},"type":"if","locations":[{"start":{"line":113,"column":4},"end":{"line":115,"column":5}},{"start":{},"end":{}}],"line":113},"5":{"loc":{"start":{"line":113,"column":8},"end":{"line":113,"column":62}},"type":"binary-expr","locations":[{"start":{"line":113,"column":8},"end":{"line":113,"column":11}},{"start":{"line":113,"column":15},"end":{"line":113,"column":37}},{"start":{"line":113,"column":41},"end":{"line":113,"column":62}}],"line":113},"6":{"loc":{"start":{"line":123,"column":4},"end":{"line":125,"column":5}},"type":"if","locations":[{"start":{"line":123,"column":4},"end":{"line":125,"column":5}},{"start":{},"end":{}}],"line":123}},"s":{"0":1,"1":1,"2":1,"3":1,"4":1,"5":1,"6":1,"7":0,"8":1,"9":0,"10":0,"11":0,"12":0,"13":0,"14":0,"15":1,"16":1,"17":1,"18":1,"19":1,"20":1,"21":1,"22":0,"23":1,"24":0,"25":1,"26":1,"27":0,"28":1,"29":0,"30":0,"31":0,"32":0,"33":0,"34":0,"35":0,"36":0,"37":0,"38":0,"39":0,"40":0,"41":0,"42":0,"43":0,"44":1,"45":0,"46":0,"47":0,"48":0,"49":0,"50":0,"51":0,"52":0,"53":0,"54":1},"f":{"0":1,"1":0,"2":1,"3":1,"4":0,"5":0},"b":{"0":[0,1],"1":[1,1,1,1,1],"2":[0,1],"3":[0,0],"4":[0,0],"5":[0,0,0],"6":[0,0]},"_coverageSchema":"1a1c01bbd47fc00a2c39e90264f33305004495a9","hash":"ecb5b29fb2bb45b168cdb4f2938873722e4179e7"}
}
