{"/Users/estebansemellier/Documents/Dev/Simplon/booking_server/app.js": {"path":"/Users/estebansemellier/Documents/Dev/Simplon/booking_server/app.js","statementMap":{"0":{"start":{"line":1,"column":14},"end":{"line":1,"column":32}},"1":{"start":{"line":2,"column":11},"end":{"line":2,"column":26}},"2":{"start":{"line":3,"column":19},"end":{"line":3,"column":43}},"3":{"start":{"line":4,"column":13},"end":{"line":4,"column":30}},"4":{"start":{"line":5,"column":12},"end":{"line":5,"column":35}},"5":{"start":{"line":6,"column":16},"end":{"line":6,"column":42}},"6":{"start":{"line":7,"column":0},"end":{"line":7,"column":27}},"7":{"start":{"line":9,"column":10},"end":{"line":9,"column":19}},"8":{"start":{"line":10,"column":19},"end":{"line":10,"column":43}},"9":{"start":{"line":11,"column":18},"end":{"line":11,"column":43}},"10":{"start":{"line":14,"column":0},"end":{"line":14,"column":23}},"11":{"start":{"line":15,"column":0},"end":{"line":15,"column":24}},"12":{"start":{"line":16,"column":0},"end":{"line":16,"column":49}},"13":{"start":{"line":17,"column":0},"end":{"line":17,"column":24}},"14":{"start":{"line":18,"column":0},"end":{"line":22,"column":3}},"15":{"start":{"line":19,"column":2},"end":{"line":19,"column":49}},"16":{"start":{"line":20,"column":2},"end":{"line":20,"column":95}},"17":{"start":{"line":21,"column":2},"end":{"line":21,"column":9}},"18":{"start":{"line":23,"column":0},"end":{"line":29,"column":2}},"19":{"start":{"line":31,"column":18},"end":{"line":46,"column":1}},"20":{"start":{"line":32,"column":21},"end":{"line":32,"column":43}},"21":{"start":{"line":33,"column":16},"end":{"line":33,"column":43}},"22":{"start":{"line":35,"column":2},"end":{"line":36,"column":80}},"23":{"start":{"line":36,"column":4},"end":{"line":36,"column":80}},"24":{"start":{"line":38,"column":2},"end":{"line":45,"column":3}},"25":{"start":{"line":39,"column":20},"end":{"line":39,"column":49}},"26":{"start":{"line":40,"column":4},"end":{"line":40,"column":25}},"27":{"start":{"line":41,"column":4},"end":{"line":41,"column":23}},"28":{"start":{"line":42,"column":4},"end":{"line":42,"column":11}},"29":{"start":{"line":44,"column":4},"end":{"line":44,"column":69}},"30":{"start":{"line":48,"column":0},"end":{"line":48,"column":29}},"31":{"start":{"line":51,"column":0},"end":{"line":51,"column":40}},"32":{"start":{"line":53,"column":0},"end":{"line":53,"column":21}}},"fnMap":{"0":{"name":"(anonymous_0)","decl":{"start":{"line":18,"column":8},"end":{"line":18,"column":9}},"loc":{"start":{"line":18,"column":28},"end":{"line":22,"column":1}},"line":18},"1":{"name":"(anonymous_1)","decl":{"start":{"line":31,"column":18},"end":{"line":31,"column":19}},"loc":{"start":{"line":31,"column":38},"end":{"line":46,"column":1}},"line":31}},"branchMap":{"0":{"loc":{"start":{"line":35,"column":2},"end":{"line":36,"column":80}},"type":"if","locations":[{"start":{"line":35,"column":2},"end":{"line":36,"column":80}},{"start":{},"end":{}}],"line":35}},"s":{"0":1,"1":1,"2":1,"3":1,"4":1,"5":1,"6":1,"7":1,"8":1,"9":1,"10":1,"11":1,"12":1,"13":1,"14":1,"15":14,"16":14,"17":14,"18":1,"19":1,"20":14,"21":14,"22":14,"23":7,"24":7,"25":7,"26":7,"27":7,"28":7,"29":0,"30":1,"31":1,"32":1},"f":{"0":14,"1":14},"b":{"0":[7,7]},"_coverageSchema":"1a1c01bbd47fc00a2c39e90264f33305004495a9","hash":"4e80740b2278d8c8009513983d8d18c3101363fa"}
,"/Users/estebansemellier/Documents/Dev/Simplon/booking_server/db.js": {"path":"/Users/estebansemellier/Documents/Dev/Simplon/booking_server/db.js","statementMap":{"0":{"start":{"line":1,"column":33},"end":{"line":1,"column":53}},"1":{"start":{"line":4,"column":0},"end":{"line":4,"column":27}},"2":{"start":{"line":6,"column":15},"end":{"line":28,"column":16}},"3":{"start":{"line":30,"column":18},"end":{"line":38,"column":1}},"4":{"start":{"line":43,"column":20},"end":{"line":43,"column":73}},"5":{"start":{"line":44,"column":13},"end":{"line":44,"column":59}},"6":{"start":{"line":45,"column":13},"end":{"line":45,"column":59}},"7":{"start":{"line":46,"column":13},"end":{"line":46,"column":59}},"8":{"start":{"line":48,"column":0},"end":{"line":53,"column":2}}},"fnMap":{},"branchMap":{},"s":{"0":1,"1":1,"2":1,"3":1,"4":1,"5":1,"6":1,"7":1,"8":1},"f":{},"b":{},"_coverageSchema":"1a1c01bbd47fc00a2c39e90264f33305004495a9","hash":"6f0f8d6f9673dd2af62f81c8fca0a6def1de70d4"}
,"/Users/estebansemellier/Documents/Dev/Simplon/booking_server/Controllers/auth.controller.js": {"path":"/Users/estebansemellier/Documents/Dev/Simplon/booking_server/Controllers/auth.controller.js","statementMap":{"0":{"start":{"line":1,"column":17},"end":{"line":1,"column":33}},"1":{"start":{"line":2,"column":15},"end":{"line":2,"column":32}},"2":{"start":{"line":3,"column":12},"end":{"line":3,"column":35}},"3":{"start":{"line":6,"column":19},"end":{"line":6,"column":41}},"4":{"start":{"line":10,"column":23},"end":{"line":14,"column":3}},"5":{"start":{"line":12,"column":23},"end":{"line":12,"column":51}},"6":{"start":{"line":13,"column":4},"end":{"line":13,"column":34}},"7":{"start":{"line":16,"column":15},"end":{"line":56,"column":1}},"8":{"start":{"line":18,"column":15},"end":{"line":22,"column":4}},"9":{"start":{"line":25,"column":2},"end":{"line":28,"column":72}},"10":{"start":{"line":26,"column":4},"end":{"line":28,"column":72}},"11":{"start":{"line":31,"column":2},"end":{"line":33,"column":3}},"12":{"start":{"line":32,"column":4},"end":{"line":32,"column":21}},"13":{"start":{"line":36,"column":2},"end":{"line":36,"column":31}},"14":{"start":{"line":39,"column":24},"end":{"line":39,"column":78}},"15":{"start":{"line":40,"column":2},"end":{"line":43,"column":84}},"16":{"start":{"line":41,"column":4},"end":{"line":43,"column":84}},"17":{"start":{"line":46,"column":18},"end":{"line":48,"column":3}},"18":{"start":{"line":51,"column":16},"end":{"line":51,"column":66}},"19":{"start":{"line":53,"column":2},"end":{"line":53,"column":41}},"20":{"start":{"line":58,"column":15},"end":{"line":95,"column":1}},"21":{"start":{"line":60,"column":15},"end":{"line":60,"column":39}},"22":{"start":{"line":63,"column":25},"end":{"line":63,"column":67}},"23":{"start":{"line":66,"column":60},"end":{"line":66,"column":68}},"24":{"start":{"line":69,"column":2},"end":{"line":73,"column":3}},"25":{"start":{"line":70,"column":4},"end":{"line":72,"column":82}},"26":{"start":{"line":76,"column":15},"end":{"line":83,"column":3}},"27":{"start":{"line":86,"column":2},"end":{"line":94,"column":3}},"28":{"start":{"line":88,"column":4},"end":{"line":88,"column":28}},"29":{"start":{"line":90,"column":4},"end":{"line":90,"column":54}},"30":{"start":{"line":93,"column":4},"end":{"line":93,"column":35}},"31":{"start":{"line":97,"column":0},"end":{"line":100,"column":1}}},"fnMap":{"0":{"name":"(anonymous_0)","decl":{"start":{"line":10,"column":23},"end":{"line":10,"column":24}},"loc":{"start":{"line":10,"column":34},"end":{"line":14,"column":3}},"line":10},"1":{"name":"(anonymous_1)","decl":{"start":{"line":16,"column":15},"end":{"line":16,"column":16}},"loc":{"start":{"line":16,"column":35},"end":{"line":56,"column":1}},"line":16},"2":{"name":"(anonymous_2)","decl":{"start":{"line":58,"column":15},"end":{"line":58,"column":16}},"loc":{"start":{"line":58,"column":41},"end":{"line":95,"column":1}},"line":58}},"branchMap":{"0":{"loc":{"start":{"line":25,"column":2},"end":{"line":28,"column":72}},"type":"if","locations":[{"start":{"line":25,"column":2},"end":{"line":28,"column":72}},{"start":{},"end":{}}],"line":25},"1":{"loc":{"start":{"line":31,"column":2},"end":{"line":33,"column":3}},"type":"if","locations":[{"start":{"line":31,"column":2},"end":{"line":33,"column":3}},{"start":{},"end":{}}],"line":31},"2":{"loc":{"start":{"line":40,"column":2},"end":{"line":43,"column":84}},"type":"if","locations":[{"start":{"line":40,"column":2},"end":{"line":43,"column":84}},{"start":{},"end":{}}],"line":40},"3":{"loc":{"start":{"line":69,"column":2},"end":{"line":73,"column":3}},"type":"if","locations":[{"start":{"line":69,"column":2},"end":{"line":73,"column":3}},{"start":{},"end":{}}],"line":69}},"s":{"0":1,"1":1,"2":1,"3":1,"4":1,"5":0,"6":0,"7":1,"8":0,"9":0,"10":0,"11":0,"12":0,"13":0,"14":0,"15":0,"16":0,"17":0,"18":0,"19":0,"20":1,"21":0,"22":0,"23":0,"24":0,"25":0,"26":0,"27":0,"28":0,"29":0,"30":0,"31":1},"f":{"0":0,"1":0,"2":0},"b":{"0":[0,0],"1":[0,0],"2":[0,0],"3":[0,0]},"_coverageSchema":"1a1c01bbd47fc00a2c39e90264f33305004495a9","hash":"dee5868ebd6fc9a142e1b4adcdf918a584beeb8f"}
,"/Users/estebansemellier/Documents/Dev/Simplon/booking_server/Controllers/reservations.controller.js": {"path":"/Users/estebansemellier/Documents/Dev/Simplon/booking_server/Controllers/reservations.controller.js","statementMap":{"0":{"start":{"line":1,"column":24},"end":{"line":1,"column":43}},"1":{"start":{"line":3,"column":12},"end":{"line":10,"column":3}},"2":{"start":{"line":4,"column":4},"end":{"line":9,"column":5}},"3":{"start":{"line":5,"column":27},"end":{"line":5,"column":54}},"4":{"start":{"line":6,"column":6},"end":{"line":6,"column":33}},"5":{"start":{"line":8,"column":6},"end":{"line":8,"column":18}},"6":{"start":{"line":12,"column":14},"end":{"line":103,"column":3}},"7":{"start":{"line":13,"column":4},"end":{"line":102,"column":5}},"8":{"start":{"line":14,"column":67},"end":{"line":14,"column":75}},"9":{"start":{"line":16,"column":24},"end":{"line":17,"column":60}},"10":{"start":{"line":17,"column":8},"end":{"line":17,"column":60}},"11":{"start":{"line":20,"column":6},"end":{"line":24,"column":7}},"12":{"start":{"line":21,"column":8},"end":{"line":23,"column":67}},"13":{"start":{"line":27,"column":6},"end":{"line":31,"column":7}},"14":{"start":{"line":28,"column":8},"end":{"line":30,"column":80}},"15":{"start":{"line":32,"column":6},"end":{"line":36,"column":7}},"16":{"start":{"line":33,"column":8},"end":{"line":35,"column":80}},"17":{"start":{"line":37,"column":6},"end":{"line":41,"column":7}},"18":{"start":{"line":38,"column":8},"end":{"line":40,"column":71}},"19":{"start":{"line":44,"column":38},"end":{"line":44,"column":52}},"20":{"start":{"line":45,"column":27},"end":{"line":45,"column":37}},"21":{"start":{"line":46,"column":31},"end":{"line":46,"column":41}},"22":{"start":{"line":47,"column":6},"end":{"line":47,"column":61}},"23":{"start":{"line":49,"column":6},"end":{"line":61,"column":7}},"24":{"start":{"line":57,"column":8},"end":{"line":60,"column":11}},"25":{"start":{"line":64,"column":6},"end":{"line":68,"column":7}},"26":{"start":{"line":65,"column":8},"end":{"line":67,"column":70}},"27":{"start":{"line":71,"column":6},"end":{"line":79,"column":7}},"28":{"start":{"line":75,"column":8},"end":{"line":78,"column":11}},"29":{"start":{"line":82,"column":6},"end":{"line":86,"column":7}},"30":{"start":{"line":83,"column":8},"end":{"line":85,"column":78}},"31":{"start":{"line":89,"column":6},"end":{"line":97,"column":9}},"32":{"start":{"line":98,"column":6},"end":{"line":98,"column":66}},"33":{"start":{"line":101,"column":6},"end":{"line":101,"column":18}},"34":{"start":{"line":105,"column":12},"end":{"line":133,"column":3}},"35":{"start":{"line":106,"column":4},"end":{"line":132,"column":5}},"36":{"start":{"line":107,"column":21},"end":{"line":107,"column":31}},"37":{"start":{"line":108,"column":67},"end":{"line":108,"column":75}},"38":{"start":{"line":110,"column":24},"end":{"line":110,"column":54}},"39":{"start":{"line":112,"column":6},"end":{"line":116,"column":7}},"40":{"start":{"line":113,"column":8},"end":{"line":115,"column":66}},"41":{"start":{"line":119,"column":6},"end":{"line":119,"column":30}},"42":{"start":{"line":120,"column":6},"end":{"line":120,"column":30}},"43":{"start":{"line":121,"column":6},"end":{"line":121,"column":30}},"44":{"start":{"line":122,"column":6},"end":{"line":122,"column":34}},"45":{"start":{"line":123,"column":6},"end":{"line":123,"column":34}},"46":{"start":{"line":124,"column":6},"end":{"line":124,"column":34}},"47":{"start":{"line":125,"column":6},"end":{"line":125,"column":34}},"48":{"start":{"line":127,"column":6},"end":{"line":127,"column":31}},"49":{"start":{"line":129,"column":6},"end":{"line":129,"column":76}},"50":{"start":{"line":131,"column":6},"end":{"line":131,"column":18}},"51":{"start":{"line":135,"column":16},"end":{"line":161,"column":3}},"52":{"start":{"line":136,"column":4},"end":{"line":160,"column":5}},"53":{"start":{"line":137,"column":21},"end":{"line":137,"column":29}},"54":{"start":{"line":139,"column":6},"end":{"line":143,"column":7}},"55":{"start":{"line":140,"column":8},"end":{"line":142,"column":82}},"56":{"start":{"line":145,"column":33},"end":{"line":149,"column":8}},"57":{"start":{"line":151,"column":6},"end":{"line":155,"column":7}},"58":{"start":{"line":152,"column":8},"end":{"line":154,"column":66}},"59":{"start":{"line":157,"column":6},"end":{"line":157,"column":69}},"60":{"start":{"line":159,"column":6},"end":{"line":159,"column":18}},"61":{"start":{"line":164,"column":2},"end":{"line":169,"column":3}}},"fnMap":{"0":{"name":"(anonymous_0)","decl":{"start":{"line":3,"column":12},"end":{"line":3,"column":13}},"loc":{"start":{"line":3,"column":38},"end":{"line":10,"column":3}},"line":3},"1":{"name":"(anonymous_1)","decl":{"start":{"line":12,"column":14},"end":{"line":12,"column":15}},"loc":{"start":{"line":12,"column":40},"end":{"line":103,"column":3}},"line":12},"2":{"name":"(anonymous_2)","decl":{"start":{"line":16,"column":24},"end":{"line":16,"column":25}},"loc":{"start":{"line":17,"column":8},"end":{"line":17,"column":60}},"line":17},"3":{"name":"(anonymous_3)","decl":{"start":{"line":105,"column":12},"end":{"line":105,"column":13}},"loc":{"start":{"line":105,"column":38},"end":{"line":133,"column":3}},"line":105},"4":{"name":"(anonymous_4)","decl":{"start":{"line":135,"column":16},"end":{"line":135,"column":17}},"loc":{"start":{"line":135,"column":42},"end":{"line":161,"column":3}},"line":135}},"branchMap":{"0":{"loc":{"start":{"line":17,"column":8},"end":{"line":17,"column":60}},"type":"binary-expr","locations":[{"start":{"line":17,"column":8},"end":{"line":17,"column":33}},{"start":{"line":17,"column":37},"end":{"line":17,"column":60}}],"line":17},"1":{"loc":{"start":{"line":20,"column":6},"end":{"line":24,"column":7}},"type":"if","locations":[{"start":{"line":20,"column":6},"end":{"line":24,"column":7}},{"start":{},"end":{}}],"line":20},"2":{"loc":{"start":{"line":20,"column":10},"end":{"line":20,"column":38}},"type":"binary-expr","locations":[{"start":{"line":20,"column":10},"end":{"line":20,"column":16}},{"start":{"line":20,"column":20},"end":{"line":20,"column":38}}],"line":20},"3":{"loc":{"start":{"line":27,"column":6},"end":{"line":31,"column":7}},"type":"if","locations":[{"start":{"line":27,"column":6},"end":{"line":31,"column":7}},{"start":{},"end":{}}],"line":27},"4":{"loc":{"start":{"line":27,"column":10},"end":{"line":27,"column":52}},"type":"binary-expr","locations":[{"start":{"line":27,"column":10},"end":{"line":27,"column":30}},{"start":{"line":27,"column":34},"end":{"line":27,"column":52}}],"line":27},"5":{"loc":{"start":{"line":32,"column":6},"end":{"line":36,"column":7}},"type":"if","locations":[{"start":{"line":32,"column":6},"end":{"line":36,"column":7}},{"start":{},"end":{}}],"line":32},"6":{"loc":{"start":{"line":32,"column":10},"end":{"line":32,"column":52}},"type":"binary-expr","locations":[{"start":{"line":32,"column":10},"end":{"line":32,"column":30}},{"start":{"line":32,"column":34},"end":{"line":32,"column":52}}],"line":32},"7":{"loc":{"start":{"line":37,"column":6},"end":{"line":41,"column":7}},"type":"if","locations":[{"start":{"line":37,"column":6},"end":{"line":41,"column":7}},{"start":{},"end":{}}],"line":37},"8":{"loc":{"start":{"line":37,"column":10},"end":{"line":37,"column":28}},"type":"binary-expr","locations":[{"start":{"line":37,"column":10},"end":{"line":37,"column":17}},{"start":{"line":37,"column":21},"end":{"line":37,"column":28}}],"line":37},"9":{"loc":{"start":{"line":49,"column":6},"end":{"line":61,"column":7}},"type":"if","locations":[{"start":{"line":49,"column":6},"end":{"line":61,"column":7}},{"start":{},"end":{}}],"line":49},"10":{"loc":{"start":{"line":51,"column":10},"end":{"line":54,"column":53}},"type":"binary-expr","locations":[{"start":{"line":51,"column":10},"end":{"line":51,"column":49}},{"start":{"line":52,"column":10},"end":{"line":52,"column":41}},{"start":{"line":53,"column":10},"end":{"line":53,"column":49}},{"start":{"line":54,"column":10},"end":{"line":54,"column":53}}],"line":51},"11":{"loc":{"start":{"line":64,"column":6},"end":{"line":68,"column":7}},"type":"if","locations":[{"start":{"line":64,"column":6},"end":{"line":68,"column":7}},{"start":{},"end":{}}],"line":64},"12":{"loc":{"start":{"line":71,"column":6},"end":{"line":79,"column":7}},"type":"if","locations":[{"start":{"line":71,"column":6},"end":{"line":79,"column":7}},{"start":{},"end":{}}],"line":71},"13":{"loc":{"start":{"line":72,"column":8},"end":{"line":73,"column":56}},"type":"binary-expr","locations":[{"start":{"line":72,"column":8},"end":{"line":72,"column":26}},{"start":{"line":73,"column":9},"end":{"line":73,"column":33}},{"start":{"line":73,"column":37},"end":{"line":73,"column":55}}],"line":72},"14":{"loc":{"start":{"line":82,"column":6},"end":{"line":86,"column":7}},"type":"if","locations":[{"start":{"line":82,"column":6},"end":{"line":86,"column":7}},{"start":{},"end":{}}],"line":82},"15":{"loc":{"start":{"line":82,"column":10},"end":{"line":82,"column":56}},"type":"binary-expr","locations":[{"start":{"line":82,"column":10},"end":{"line":82,"column":28}},{"start":{"line":82,"column":32},"end":{"line":82,"column":42}},{"start":{"line":82,"column":46},"end":{"line":82,"column":56}}],"line":82},"16":{"loc":{"start":{"line":112,"column":6},"end":{"line":116,"column":7}},"type":"if","locations":[{"start":{"line":112,"column":6},"end":{"line":116,"column":7}},{"start":{},"end":{}}],"line":112},"17":{"loc":{"start":{"line":139,"column":6},"end":{"line":143,"column":7}},"type":"if","locations":[{"start":{"line":139,"column":6},"end":{"line":143,"column":7}},{"start":{},"end":{}}],"line":139},"18":{"loc":{"start":{"line":139,"column":10},"end":{"line":139,"column":64}},"type":"binary-expr","locations":[{"start":{"line":139,"column":10},"end":{"line":139,"column":13}},{"start":{"line":139,"column":17},"end":{"line":139,"column":39}},{"start":{"line":139,"column":43},"end":{"line":139,"column":64}}],"line":139},"19":{"loc":{"start":{"line":151,"column":6},"end":{"line":155,"column":7}},"type":"if","locations":[{"start":{"line":151,"column":6},"end":{"line":155,"column":7}},{"start":{},"end":{}}],"line":151}},"s":{"0":1,"1":1,"2":1,"3":1,"4":1,"5":0,"6":1,"7":1,"8":1,"9":1,"10":3,"11":1,"12":0,"13":1,"14":0,"15":1,"16":0,"17":1,"18":0,"19":1,"20":1,"21":1,"22":1,"23":1,"24":1,"25":0,"26":0,"27":0,"28":0,"29":0,"30":0,"31":0,"32":0,"33":0,"34":1,"35":0,"36":0,"37":0,"38":0,"39":0,"40":0,"41":0,"42":0,"43":0,"44":0,"45":0,"46":0,"47":0,"48":0,"49":0,"50":0,"51":1,"52":0,"53":0,"54":0,"55":0,"56":0,"57":0,"58":0,"59":0,"60":0,"61":1},"f":{"0":1,"1":1,"2":3,"3":0,"4":0},"b":{"0":[3,3],"1":[0,1],"2":[1,1],"3":[0,1],"4":[1,1],"5":[0,1],"6":[1,1],"7":[0,1],"8":[1,0],"9":[1,0],"10":[1,1,1,0],"11":[0,0],"12":[0,0],"13":[0,0,0],"14":[0,0],"15":[0,0,0],"16":[0,0],"17":[0,0],"18":[0,0,0],"19":[0,0]},"_coverageSchema":"1a1c01bbd47fc00a2c39e90264f33305004495a9","hash":"7b64692c725416ca545ee9f15cf2bb96ef0b4c0d"}
,"/Users/estebansemellier/Documents/Dev/Simplon/booking_server/Controllers/room.controller.js": {"path":"/Users/estebansemellier/Documents/Dev/Simplon/booking_server/Controllers/room.controller.js","statementMap":{"0":{"start":{"line":1,"column":17},"end":{"line":1,"column":36}},"1":{"start":{"line":3,"column":12},"end":{"line":10,"column":3}},"2":{"start":{"line":4,"column":4},"end":{"line":9,"column":5}},"3":{"start":{"line":5,"column":20},"end":{"line":5,"column":40}},"4":{"start":{"line":6,"column":6},"end":{"line":6,"column":26}},"5":{"start":{"line":8,"column":6},"end":{"line":8,"column":18}},"6":{"start":{"line":12,"column":13},"end":{"line":28,"column":3}},"7":{"start":{"line":13,"column":21},"end":{"line":13,"column":29}},"8":{"start":{"line":16,"column":4},"end":{"line":20,"column":5}},"9":{"start":{"line":17,"column":6},"end":{"line":19,"column":71}},"10":{"start":{"line":22,"column":4},"end":{"line":27,"column":5}},"11":{"start":{"line":23,"column":19},"end":{"line":23,"column":46}},"12":{"start":{"line":24,"column":6},"end":{"line":24,"column":65}},"13":{"start":{"line":26,"column":6},"end":{"line":26,"column":18}},"14":{"start":{"line":30,"column":12},"end":{"line":50,"column":3}},"15":{"start":{"line":31,"column":4},"end":{"line":49,"column":5}},"16":{"start":{"line":32,"column":21},"end":{"line":32,"column":31}},"17":{"start":{"line":33,"column":23},"end":{"line":33,"column":31}},"18":{"start":{"line":35,"column":17},"end":{"line":35,"column":40}},"19":{"start":{"line":38,"column":6},"end":{"line":40,"column":7}},"20":{"start":{"line":39,"column":8},"end":{"line":39,"column":79}},"21":{"start":{"line":43,"column":6},"end":{"line":43,"column":23}},"22":{"start":{"line":45,"column":6},"end":{"line":45,"column":24}},"23":{"start":{"line":46,"column":6},"end":{"line":46,"column":62}},"24":{"start":{"line":48,"column":6},"end":{"line":48,"column":18}},"25":{"start":{"line":52,"column":16},"end":{"line":76,"column":3}},"26":{"start":{"line":53,"column":4},"end":{"line":75,"column":5}},"27":{"start":{"line":54,"column":21},"end":{"line":54,"column":29}},"28":{"start":{"line":56,"column":6},"end":{"line":60,"column":7}},"29":{"start":{"line":57,"column":8},"end":{"line":59,"column":75}},"30":{"start":{"line":62,"column":26},"end":{"line":66,"column":8}},"31":{"start":{"line":68,"column":6},"end":{"line":70,"column":7}},"32":{"start":{"line":69,"column":8},"end":{"line":69,"column":79}},"33":{"start":{"line":72,"column":6},"end":{"line":72,"column":62}},"34":{"start":{"line":74,"column":6},"end":{"line":74,"column":18}},"35":{"start":{"line":78,"column":0},"end":{"line":83,"column":1}}},"fnMap":{"0":{"name":"(anonymous_0)","decl":{"start":{"line":3,"column":12},"end":{"line":3,"column":13}},"loc":{"start":{"line":3,"column":38},"end":{"line":10,"column":3}},"line":3},"1":{"name":"(anonymous_1)","decl":{"start":{"line":12,"column":13},"end":{"line":12,"column":14}},"loc":{"start":{"line":12,"column":39},"end":{"line":28,"column":3}},"line":12},"2":{"name":"(anonymous_2)","decl":{"start":{"line":30,"column":12},"end":{"line":30,"column":13}},"loc":{"start":{"line":30,"column":38},"end":{"line":50,"column":3}},"line":30},"3":{"name":"(anonymous_3)","decl":{"start":{"line":52,"column":16},"end":{"line":52,"column":17}},"loc":{"start":{"line":52,"column":42},"end":{"line":76,"column":3}},"line":52}},"branchMap":{"0":{"loc":{"start":{"line":16,"column":4},"end":{"line":20,"column":5}},"type":"if","locations":[{"start":{"line":16,"column":4},"end":{"line":20,"column":5}},{"start":{},"end":{}}],"line":16},"1":{"loc":{"start":{"line":16,"column":8},"end":{"line":16,"column":63}},"type":"binary-expr","locations":[{"start":{"line":16,"column":8},"end":{"line":16,"column":13}},{"start":{"line":16,"column":17},"end":{"line":16,"column":41}},{"start":{"line":16,"column":45},"end":{"line":16,"column":63}}],"line":16},"2":{"loc":{"start":{"line":38,"column":6},"end":{"line":40,"column":7}},"type":"if","locations":[{"start":{"line":38,"column":6},"end":{"line":40,"column":7}},{"start":{},"end":{}}],"line":38},"3":{"loc":{"start":{"line":56,"column":6},"end":{"line":60,"column":7}},"type":"if","locations":[{"start":{"line":56,"column":6},"end":{"line":60,"column":7}},{"start":{},"end":{}}],"line":56},"4":{"loc":{"start":{"line":56,"column":10},"end":{"line":56,"column":64}},"type":"binary-expr","locations":[{"start":{"line":56,"column":10},"end":{"line":56,"column":13}},{"start":{"line":56,"column":17},"end":{"line":56,"column":39}},{"start":{"line":56,"column":43},"end":{"line":56,"column":64}}],"line":56},"5":{"loc":{"start":{"line":68,"column":6},"end":{"line":70,"column":7}},"type":"if","locations":[{"start":{"line":68,"column":6},"end":{"line":70,"column":7}},{"start":{},"end":{}}],"line":68}},"s":{"0":1,"1":1,"2":1,"3":1,"4":1,"5":0,"6":1,"7":1,"8":1,"9":0,"10":1,"11":1,"12":1,"13":0,"14":1,"15":0,"16":0,"17":0,"18":0,"19":0,"20":0,"21":0,"22":0,"23":0,"24":0,"25":1,"26":0,"27":0,"28":0,"29":0,"30":0,"31":0,"32":0,"33":0,"34":0,"35":1},"f":{"0":1,"1":1,"2":0,"3":0},"b":{"0":[0,1],"1":[1,1,1],"2":[0,0],"3":[0,0],"4":[0,0,0],"5":[0,0]},"_coverageSchema":"1a1c01bbd47fc00a2c39e90264f33305004495a9","hash":"0460d217a34e667825063b97bae930427f50ae8e"}
,"/Users/estebansemellier/Documents/Dev/Simplon/booking_server/Controllers/spot.controller.js": {"path":"/Users/estebansemellier/Documents/Dev/Simplon/booking_server/Controllers/spot.controller.js","statementMap":{"0":{"start":{"line":2,"column":17},"end":{"line":2,"column":36}},"1":{"start":{"line":4,"column":12},"end":{"line":11,"column":3}},"2":{"start":{"line":5,"column":4},"end":{"line":10,"column":5}},"3":{"start":{"line":6,"column":20},"end":{"line":6,"column":40}},"4":{"start":{"line":7,"column":6},"end":{"line":7,"column":26}},"5":{"start":{"line":9,"column":6},"end":{"line":9,"column":18}},"6":{"start":{"line":13,"column":13},"end":{"line":29,"column":3}},"7":{"start":{"line":14,"column":21},"end":{"line":14,"column":29}},"8":{"start":{"line":17,"column":4},"end":{"line":21,"column":5}},"9":{"start":{"line":18,"column":6},"end":{"line":20,"column":71}},"10":{"start":{"line":23,"column":4},"end":{"line":28,"column":5}},"11":{"start":{"line":24,"column":19},"end":{"line":24,"column":46}},"12":{"start":{"line":25,"column":6},"end":{"line":25,"column":65}},"13":{"start":{"line":27,"column":6},"end":{"line":27,"column":18}},"14":{"start":{"line":31,"column":13},"end":{"line":51,"column":3}},"15":{"start":{"line":32,"column":4},"end":{"line":50,"column":5}},"16":{"start":{"line":33,"column":21},"end":{"line":33,"column":31}},"17":{"start":{"line":34,"column":23},"end":{"line":34,"column":31}},"18":{"start":{"line":36,"column":17},"end":{"line":36,"column":40}},"19":{"start":{"line":38,"column":6},"end":{"line":40,"column":7}},"20":{"start":{"line":39,"column":8},"end":{"line":39,"column":79}},"21":{"start":{"line":43,"column":6},"end":{"line":43,"column":23}},"22":{"start":{"line":45,"column":6},"end":{"line":45,"column":24}},"23":{"start":{"line":47,"column":6},"end":{"line":47,"column":69}},"24":{"start":{"line":49,"column":6},"end":{"line":49,"column":18}},"25":{"start":{"line":53,"column":16},"end":{"line":77,"column":3}},"26":{"start":{"line":54,"column":4},"end":{"line":76,"column":5}},"27":{"start":{"line":55,"column":21},"end":{"line":55,"column":29}},"28":{"start":{"line":57,"column":6},"end":{"line":61,"column":7}},"29":{"start":{"line":58,"column":8},"end":{"line":60,"column":75}},"30":{"start":{"line":63,"column":26},"end":{"line":67,"column":8}},"31":{"start":{"line":69,"column":6},"end":{"line":71,"column":7}},"32":{"start":{"line":70,"column":8},"end":{"line":70,"column":79}},"33":{"start":{"line":73,"column":6},"end":{"line":73,"column":62}},"34":{"start":{"line":75,"column":6},"end":{"line":75,"column":18}},"35":{"start":{"line":79,"column":0},"end":{"line":84,"column":1}}},"fnMap":{"0":{"name":"(anonymous_0)","decl":{"start":{"line":4,"column":12},"end":{"line":4,"column":13}},"loc":{"start":{"line":4,"column":38},"end":{"line":11,"column":3}},"line":4},"1":{"name":"(anonymous_1)","decl":{"start":{"line":13,"column":13},"end":{"line":13,"column":14}},"loc":{"start":{"line":13,"column":39},"end":{"line":29,"column":3}},"line":13},"2":{"name":"(anonymous_2)","decl":{"start":{"line":31,"column":13},"end":{"line":31,"column":14}},"loc":{"start":{"line":31,"column":39},"end":{"line":51,"column":3}},"line":31},"3":{"name":"(anonymous_3)","decl":{"start":{"line":53,"column":16},"end":{"line":53,"column":17}},"loc":{"start":{"line":53,"column":42},"end":{"line":77,"column":3}},"line":53}},"branchMap":{"0":{"loc":{"start":{"line":17,"column":4},"end":{"line":21,"column":5}},"type":"if","locations":[{"start":{"line":17,"column":4},"end":{"line":21,"column":5}},{"start":{},"end":{}}],"line":17},"1":{"loc":{"start":{"line":17,"column":8},"end":{"line":17,"column":63}},"type":"binary-expr","locations":[{"start":{"line":17,"column":8},"end":{"line":17,"column":13}},{"start":{"line":17,"column":17},"end":{"line":17,"column":41}},{"start":{"line":17,"column":45},"end":{"line":17,"column":63}}],"line":17},"2":{"loc":{"start":{"line":38,"column":6},"end":{"line":40,"column":7}},"type":"if","locations":[{"start":{"line":38,"column":6},"end":{"line":40,"column":7}},{"start":{},"end":{}}],"line":38},"3":{"loc":{"start":{"line":57,"column":6},"end":{"line":61,"column":7}},"type":"if","locations":[{"start":{"line":57,"column":6},"end":{"line":61,"column":7}},{"start":{},"end":{}}],"line":57},"4":{"loc":{"start":{"line":57,"column":10},"end":{"line":57,"column":64}},"type":"binary-expr","locations":[{"start":{"line":57,"column":10},"end":{"line":57,"column":13}},{"start":{"line":57,"column":17},"end":{"line":57,"column":39}},{"start":{"line":57,"column":43},"end":{"line":57,"column":64}}],"line":57},"5":{"loc":{"start":{"line":69,"column":6},"end":{"line":71,"column":7}},"type":"if","locations":[{"start":{"line":69,"column":6},"end":{"line":71,"column":7}},{"start":{},"end":{}}],"line":69}},"s":{"0":1,"1":1,"2":1,"3":1,"4":1,"5":0,"6":1,"7":1,"8":1,"9":0,"10":1,"11":1,"12":1,"13":0,"14":1,"15":0,"16":0,"17":0,"18":0,"19":0,"20":0,"21":0,"22":0,"23":0,"24":0,"25":1,"26":0,"27":0,"28":0,"29":0,"30":0,"31":0,"32":0,"33":0,"34":0,"35":1},"f":{"0":1,"1":1,"2":0,"3":0},"b":{"0":[0,1],"1":[1,1,1],"2":[0,0],"3":[0,0],"4":[0,0,0],"5":[0,0]},"_coverageSchema":"1a1c01bbd47fc00a2c39e90264f33305004495a9","hash":"e3ff35bc969c15b74850d52a1fc6171dc9d3bdb3"}
,"/Users/estebansemellier/Documents/Dev/Simplon/booking_server/Controllers/user.controller.js": {"path":"/Users/estebansemellier/Documents/Dev/Simplon/booking_server/Controllers/user.controller.js","statementMap":{"0":{"start":{"line":1,"column":17},"end":{"line":1,"column":36}},"1":{"start":{"line":3,"column":12},"end":{"line":10,"column":3}},"2":{"start":{"line":4,"column":4},"end":{"line":9,"column":5}},"3":{"start":{"line":5,"column":20},"end":{"line":5,"column":40}},"4":{"start":{"line":6,"column":6},"end":{"line":6,"column":26}},"5":{"start":{"line":8,"column":6},"end":{"line":8,"column":18}},"6":{"start":{"line":12,"column":24},"end":{"line":19,"column":3}},"7":{"start":{"line":13,"column":15},"end":{"line":13,"column":33}},"8":{"start":{"line":14,"column":4},"end":{"line":14,"column":20}},"9":{"start":{"line":15,"column":17},"end":{"line":15,"column":40}},"10":{"start":{"line":17,"column":4},"end":{"line":17,"column":22}},"11":{"start":{"line":18,"column":4},"end":{"line":18,"column":19}},"12":{"start":{"line":21,"column":12},"end":{"line":47,"column":3}},"13":{"start":{"line":22,"column":4},"end":{"line":46,"column":5}},"14":{"start":{"line":23,"column":21},"end":{"line":23,"column":31}},"15":{"start":{"line":25,"column":8},"end":{"line":25,"column":16}},"16":{"start":{"line":27,"column":17},"end":{"line":27,"column":40}},"17":{"start":{"line":29,"column":6},"end":{"line":31,"column":7}},"18":{"start":{"line":30,"column":8},"end":{"line":30,"column":79}},"19":{"start":{"line":34,"column":6},"end":{"line":34,"column":23}},"20":{"start":{"line":35,"column":6},"end":{"line":35,"column":33}},"21":{"start":{"line":36,"column":6},"end":{"line":36,"column":31}},"22":{"start":{"line":37,"column":6},"end":{"line":37,"column":25}},"23":{"start":{"line":38,"column":6},"end":{"line":38,"column":37}},"24":{"start":{"line":39,"column":6},"end":{"line":39,"column":31}},"25":{"start":{"line":41,"column":6},"end":{"line":41,"column":24}},"26":{"start":{"line":43,"column":6},"end":{"line":43,"column":69}},"27":{"start":{"line":45,"column":6},"end":{"line":45,"column":18}},"28":{"start":{"line":49,"column":16},"end":{"line":73,"column":3}},"29":{"start":{"line":50,"column":4},"end":{"line":72,"column":5}},"30":{"start":{"line":51,"column":21},"end":{"line":51,"column":29}},"31":{"start":{"line":53,"column":6},"end":{"line":57,"column":7}},"32":{"start":{"line":54,"column":8},"end":{"line":56,"column":72}},"33":{"start":{"line":59,"column":26},"end":{"line":63,"column":8}},"34":{"start":{"line":65,"column":6},"end":{"line":67,"column":7}},"35":{"start":{"line":66,"column":8},"end":{"line":66,"column":79}},"36":{"start":{"line":69,"column":6},"end":{"line":69,"column":62}},"37":{"start":{"line":71,"column":6},"end":{"line":71,"column":18}},"38":{"start":{"line":75,"column":0},"end":{"line":80,"column":1}}},"fnMap":{"0":{"name":"(anonymous_0)","decl":{"start":{"line":3,"column":12},"end":{"line":3,"column":13}},"loc":{"start":{"line":3,"column":38},"end":{"line":10,"column":3}},"line":3},"1":{"name":"(anonymous_1)","decl":{"start":{"line":12,"column":24},"end":{"line":12,"column":25}},"loc":{"start":{"line":12,"column":50},"end":{"line":19,"column":3}},"line":12},"2":{"name":"(anonymous_2)","decl":{"start":{"line":21,"column":12},"end":{"line":21,"column":13}},"loc":{"start":{"line":21,"column":38},"end":{"line":47,"column":3}},"line":21},"3":{"name":"(anonymous_3)","decl":{"start":{"line":49,"column":16},"end":{"line":49,"column":17}},"loc":{"start":{"line":49,"column":42},"end":{"line":73,"column":3}},"line":49}},"branchMap":{"0":{"loc":{"start":{"line":29,"column":6},"end":{"line":31,"column":7}},"type":"if","locations":[{"start":{"line":29,"column":6},"end":{"line":31,"column":7}},{"start":{},"end":{}}],"line":29},"1":{"loc":{"start":{"line":53,"column":6},"end":{"line":57,"column":7}},"type":"if","locations":[{"start":{"line":53,"column":6},"end":{"line":57,"column":7}},{"start":{},"end":{}}],"line":53},"2":{"loc":{"start":{"line":53,"column":10},"end":{"line":53,"column":64}},"type":"binary-expr","locations":[{"start":{"line":53,"column":10},"end":{"line":53,"column":13}},{"start":{"line":53,"column":17},"end":{"line":53,"column":39}},{"start":{"line":53,"column":43},"end":{"line":53,"column":64}}],"line":53},"3":{"loc":{"start":{"line":65,"column":6},"end":{"line":67,"column":7}},"type":"if","locations":[{"start":{"line":65,"column":6},"end":{"line":67,"column":7}},{"start":{},"end":{}}],"line":65}},"s":{"0":1,"1":1,"2":1,"3":1,"4":1,"5":0,"6":1,"7":0,"8":0,"9":0,"10":0,"11":0,"12":1,"13":0,"14":0,"15":0,"16":0,"17":0,"18":0,"19":0,"20":0,"21":0,"22":0,"23":0,"24":0,"25":0,"26":0,"27":0,"28":1,"29":0,"30":0,"31":0,"32":0,"33":0,"34":0,"35":0,"36":0,"37":0,"38":1},"f":{"0":1,"1":0,"2":0,"3":0},"b":{"0":[0,0],"1":[0,0],"2":[0,0,0],"3":[0,0]},"_coverageSchema":"1a1c01bbd47fc00a2c39e90264f33305004495a9","hash":"2a36e395547c607ccc68e5fdbb1e9f308797a061"}
,"/Users/estebansemellier/Documents/Dev/Simplon/booking_server/models/reservation.js": {"path":"/Users/estebansemellier/Documents/Dev/Simplon/booking_server/models/reservation.js","statementMap":{"0":{"start":{"line":2,"column":18},"end":{"line":2,"column":38}},"1":{"start":{"line":3,"column":0},"end":{"line":30,"column":2}},"2":{"start":{"line":14,"column":2},"end":{"line":28,"column":4}},"3":{"start":{"line":29,"column":2},"end":{"line":29,"column":21}}},"fnMap":{"0":{"name":"(anonymous_0)","decl":{"start":{"line":3,"column":17},"end":{"line":3,"column":18}},"loc":{"start":{"line":3,"column":43},"end":{"line":30,"column":1}},"line":3},"1":{"name":"(anonymous_1)","decl":{"start":{"line":10,"column":4},"end":{"line":10,"column":5}},"loc":{"start":{"line":10,"column":29},"end":{"line":12,"column":5}},"line":10}},"branchMap":{},"s":{"0":1,"1":1,"2":1,"3":1},"f":{"0":1,"1":0},"b":{},"_coverageSchema":"1a1c01bbd47fc00a2c39e90264f33305004495a9","hash":"056c820a9d8c4f109f31613273b798f50bd3ce25"}
,"/Users/estebansemellier/Documents/Dev/Simplon/booking_server/models/room.js": {"path":"/Users/estebansemellier/Documents/Dev/Simplon/booking_server/models/room.js","statementMap":{"0":{"start":{"line":2,"column":18},"end":{"line":2,"column":38}},"1":{"start":{"line":3,"column":0},"end":{"line":24,"column":2}},"2":{"start":{"line":14,"column":2},"end":{"line":22,"column":4}},"3":{"start":{"line":23,"column":2},"end":{"line":23,"column":14}}},"fnMap":{"0":{"name":"(anonymous_0)","decl":{"start":{"line":3,"column":17},"end":{"line":3,"column":18}},"loc":{"start":{"line":3,"column":43},"end":{"line":24,"column":1}},"line":3},"1":{"name":"(anonymous_1)","decl":{"start":{"line":10,"column":4},"end":{"line":10,"column":5}},"loc":{"start":{"line":10,"column":29},"end":{"line":12,"column":5}},"line":10}},"branchMap":{},"s":{"0":1,"1":1,"2":1,"3":1},"f":{"0":1,"1":0},"b":{},"_coverageSchema":"1a1c01bbd47fc00a2c39e90264f33305004495a9","hash":"9f0cf388d1af10c5748607985b59df341fcd17f3"}
,"/Users/estebansemellier/Documents/Dev/Simplon/booking_server/models/spot.js": {"path":"/Users/estebansemellier/Documents/Dev/Simplon/booking_server/models/spot.js","statementMap":{"0":{"start":{"line":2,"column":18},"end":{"line":2,"column":38}},"1":{"start":{"line":3,"column":0},"end":{"line":24,"column":2}},"2":{"start":{"line":14,"column":2},"end":{"line":22,"column":4}},"3":{"start":{"line":23,"column":2},"end":{"line":23,"column":14}}},"fnMap":{"0":{"name":"(anonymous_0)","decl":{"start":{"line":3,"column":17},"end":{"line":3,"column":18}},"loc":{"start":{"line":3,"column":43},"end":{"line":24,"column":1}},"line":3},"1":{"name":"(anonymous_1)","decl":{"start":{"line":10,"column":4},"end":{"line":10,"column":5}},"loc":{"start":{"line":10,"column":29},"end":{"line":12,"column":5}},"line":10}},"branchMap":{},"s":{"0":1,"1":1,"2":1,"3":1},"f":{"0":1,"1":0},"b":{},"_coverageSchema":"1a1c01bbd47fc00a2c39e90264f33305004495a9","hash":"7f22993b93a6c7510b0c69d7ccef261b1645c676"}
,"/Users/estebansemellier/Documents/Dev/Simplon/booking_server/models/user.js": {"path":"/Users/estebansemellier/Documents/Dev/Simplon/booking_server/models/user.js","statementMap":{"0":{"start":{"line":2,"column":18},"end":{"line":2,"column":38}},"1":{"start":{"line":3,"column":0},"end":{"line":29,"column":2}},"2":{"start":{"line":14,"column":2},"end":{"line":27,"column":4}},"3":{"start":{"line":28,"column":2},"end":{"line":28,"column":14}}},"fnMap":{"0":{"name":"(anonymous_0)","decl":{"start":{"line":3,"column":17},"end":{"line":3,"column":18}},"loc":{"start":{"line":3,"column":43},"end":{"line":29,"column":1}},"line":3},"1":{"name":"(anonymous_1)","decl":{"start":{"line":10,"column":4},"end":{"line":10,"column":5}},"loc":{"start":{"line":10,"column":29},"end":{"line":12,"column":5}},"line":10}},"branchMap":{},"s":{"0":1,"1":1,"2":1,"3":1},"f":{"0":1,"1":0},"b":{},"_coverageSchema":"1a1c01bbd47fc00a2c39e90264f33305004495a9","hash":"fcc48852cbdb93ea720f70401924e2025ef673a4"}
,"/Users/estebansemellier/Documents/Dev/Simplon/booking_server/routes/auth.js": {"path":"/Users/estebansemellier/Documents/Dev/Simplon/booking_server/routes/auth.js","statementMap":{"0":{"start":{"line":1,"column":16},"end":{"line":1,"column":34}},"1":{"start":{"line":2,"column":15},"end":{"line":2,"column":31}},"2":{"start":{"line":3,"column":23},"end":{"line":3,"column":64}},"3":{"start":{"line":5,"column":0},"end":{"line":5,"column":46}},"4":{"start":{"line":7,"column":0},"end":{"line":7,"column":46}},"5":{"start":{"line":10,"column":0},"end":{"line":10,"column":24}}},"fnMap":{},"branchMap":{},"s":{"0":1,"1":1,"2":1,"3":1,"4":1,"5":1},"f":{},"b":{},"_coverageSchema":"1a1c01bbd47fc00a2c39e90264f33305004495a9","hash":"3370e60999cd26e9d9fe44839a07447e10231f9e"}
,"/Users/estebansemellier/Documents/Dev/Simplon/booking_server/routes/index.js": {"path":"/Users/estebansemellier/Documents/Dev/Simplon/booking_server/routes/index.js","statementMap":{"0":{"start":{"line":1,"column":16},"end":{"line":1,"column":34}},"1":{"start":{"line":2,"column":15},"end":{"line":2,"column":31}},"2":{"start":{"line":5,"column":26},"end":{"line":5,"column":51}},"3":{"start":{"line":6,"column":19},"end":{"line":6,"column":37}},"4":{"start":{"line":7,"column":19},"end":{"line":7,"column":37}},"5":{"start":{"line":8,"column":19},"end":{"line":8,"column":37}},"6":{"start":{"line":11,"column":0},"end":{"line":11,"column":47}},"7":{"start":{"line":12,"column":0},"end":{"line":12,"column":33}},"8":{"start":{"line":13,"column":0},"end":{"line":13,"column":33}},"9":{"start":{"line":14,"column":0},"end":{"line":14,"column":33}},"10":{"start":{"line":16,"column":0},"end":{"line":16,"column":24}}},"fnMap":{},"branchMap":{},"s":{"0":1,"1":1,"2":1,"3":1,"4":1,"5":1,"6":1,"7":1,"8":1,"9":1,"10":1},"f":{},"b":{},"_coverageSchema":"1a1c01bbd47fc00a2c39e90264f33305004495a9","hash":"0b8fc6618f8c7cf9e3cbbcbcc3d4a35ca35596e5"}
,"/Users/estebansemellier/Documents/Dev/Simplon/booking_server/routes/reservations.js": {"path":"/Users/estebansemellier/Documents/Dev/Simplon/booking_server/routes/reservations.js","statementMap":{"0":{"start":{"line":1,"column":16},"end":{"line":1,"column":34}},"1":{"start":{"line":2,"column":15},"end":{"line":2,"column":31}},"2":{"start":{"line":4,"column":30},"end":{"line":4,"column":79}},"3":{"start":{"line":8,"column":0},"end":{"line":8,"column":43}},"4":{"start":{"line":11,"column":0},"end":{"line":11,"column":45}},"5":{"start":{"line":14,"column":0},"end":{"line":14,"column":46}},"6":{"start":{"line":17,"column":0},"end":{"line":17,"column":50}},"7":{"start":{"line":19,"column":0},"end":{"line":19,"column":24}}},"fnMap":{},"branchMap":{},"s":{"0":1,"1":1,"2":1,"3":1,"4":1,"5":1,"6":1,"7":1},"f":{},"b":{},"_coverageSchema":"1a1c01bbd47fc00a2c39e90264f33305004495a9","hash":"eb20d43034563cfd0027940d049cdd34bbee7ea8"}
,"/Users/estebansemellier/Documents/Dev/Simplon/booking_server/routes/rooms.js": {"path":"/Users/estebansemellier/Documents/Dev/Simplon/booking_server/routes/rooms.js","statementMap":{"0":{"start":{"line":1,"column":16},"end":{"line":1,"column":34}},"1":{"start":{"line":2,"column":15},"end":{"line":2,"column":31}},"2":{"start":{"line":4,"column":23},"end":{"line":4,"column":64}},"3":{"start":{"line":8,"column":0},"end":{"line":8,"column":36}},"4":{"start":{"line":11,"column":0},"end":{"line":11,"column":38}},"5":{"start":{"line":14,"column":0},"end":{"line":14,"column":39}},"6":{"start":{"line":17,"column":0},"end":{"line":17,"column":43}},"7":{"start":{"line":19,"column":0},"end":{"line":19,"column":24}}},"fnMap":{},"branchMap":{},"s":{"0":1,"1":1,"2":1,"3":1,"4":1,"5":1,"6":1,"7":1},"f":{},"b":{},"_coverageSchema":"1a1c01bbd47fc00a2c39e90264f33305004495a9","hash":"5c981fc929352f7c32a9bd984335c03d108833a7"}
,"/Users/estebansemellier/Documents/Dev/Simplon/booking_server/routes/spots.js": {"path":"/Users/estebansemellier/Documents/Dev/Simplon/booking_server/routes/spots.js","statementMap":{"0":{"start":{"line":1,"column":16},"end":{"line":1,"column":34}},"1":{"start":{"line":2,"column":15},"end":{"line":2,"column":31}},"2":{"start":{"line":4,"column":23},"end":{"line":4,"column":64}},"3":{"start":{"line":9,"column":0},"end":{"line":9,"column":36}},"4":{"start":{"line":12,"column":0},"end":{"line":12,"column":38}},"5":{"start":{"line":15,"column":0},"end":{"line":15,"column":39}},"6":{"start":{"line":18,"column":0},"end":{"line":18,"column":43}},"7":{"start":{"line":20,"column":0},"end":{"line":20,"column":24}}},"fnMap":{},"branchMap":{},"s":{"0":1,"1":1,"2":1,"3":1,"4":1,"5":1,"6":1,"7":1},"f":{},"b":{},"_coverageSchema":"1a1c01bbd47fc00a2c39e90264f33305004495a9","hash":"32fc953c1eaa889cfe1ab7c9e634450a8dd27598"}
,"/Users/estebansemellier/Documents/Dev/Simplon/booking_server/routes/users.js": {"path":"/Users/estebansemellier/Documents/Dev/Simplon/booking_server/routes/users.js","statementMap":{"0":{"start":{"line":1,"column":16},"end":{"line":1,"column":34}},"1":{"start":{"line":2,"column":15},"end":{"line":2,"column":31}},"2":{"start":{"line":4,"column":23},"end":{"line":4,"column":64}},"3":{"start":{"line":9,"column":0},"end":{"line":9,"column":36}},"4":{"start":{"line":11,"column":0},"end":{"line":11,"column":49}},"5":{"start":{"line":14,"column":0},"end":{"line":14,"column":39}},"6":{"start":{"line":17,"column":0},"end":{"line":17,"column":43}},"7":{"start":{"line":19,"column":0},"end":{"line":19,"column":24}}},"fnMap":{},"branchMap":{},"s":{"0":1,"1":1,"2":1,"3":1,"4":1,"5":1,"6":1,"7":1},"f":{},"b":{},"_coverageSchema":"1a1c01bbd47fc00a2c39e90264f33305004495a9","hash":"6faa1c6c16aff76520c08442f8ea39ec470628d4"}
}
